151204 22:29:21 [Note] Plugin 'FEDERATED' is disabled.
151204 22:29:21 [Note] Plugin 'InnoDB' is disabled.
151204 22:29:21 [Note] Event Scheduler: Loaded 0 events
151204 22:29:21 [Note] mysql/bin/mysqld_usbwv8.exe: ready for connections.
Version: '5.1.44-community'  socket: ''  port: 3306  MySQL Community Server (GPL)
151205  1:49:19 [Note] Plugin 'FEDERATED' is disabled.
151205  1:49:19 [Note] Plugin 'InnoDB' is disabled.
151205  1:49:19 [Note] Event Scheduler: Loaded 0 events
151205  1:49:19 [Note] mysql/bin/mysqld_usbwv8.exe: ready for connections.
Version: '5.1.44-community'  socket: ''  port: 3306  MySQL Community Server (GPL)
151205 14:36:01 [Note] Plugin 'FEDERATED' is disabled.
151205 14:36:01 [Note] Plugin 'InnoDB' is disabled.
151205 14:36:01 [Note] Event Scheduler: Loaded 0 events
151205 14:36:01 [Note] mysql/bin/mysqld_usbwv8.exe: ready for connections.
Version: '5.1.44-community'  socket: ''  port: 3306  MySQL Community Server (GPL)
151207 23:19:52 [Note] Plugin 'FEDERATED' is disabled.
151207 23:19:52 [Note] Plugin 'InnoDB' is disabled.
151207 23:19:53 [Note] Event Scheduler: Loaded 0 events
151207 23:19:53 [Note] mysql/bin/mysqld_usbwv8.exe: ready for connections.
Version: '5.1.44-community'  socket: ''  port: 3306  MySQL Community Server (GPL)
151209  4:30:53 [Note] Plugin 'FEDERATED' is disabled.
151209  4:30:53 [Note] Plugin 'InnoDB' is disabled.
151209  4:30:53 [Note] Event Scheduler: Loaded 0 events
151209  4:30:53 [Note] mysql/bin/mysqld_usbwv8.exe: ready for connections.
Version: '5.1.44-community'  socket: ''  port: 3306  MySQL Community Server (GPL)
151210 15:50:11 [Note] Plugin 'FEDERATED' is disabled.
151210 15:50:11 [Note] Plugin 'InnoDB' is disabled.
151210 15:50:12 [Note] Event Scheduler: Loaded 0 events
151210 15:50:12 [Note] mysql/bin/mysqld_usbwv8.exe: ready for connections.
Version: '5.1.44-community'  socket: ''  port: 3306  MySQL Community Server (GPL)
151211  5:48:06 [Note] Plugin 'FEDERATED' is disabled.
151211  5:48:06 [Note] Plugin 'InnoDB' is disabled.
151211  5:48:07 [Note] Event Scheduler: Loaded 0 events
151211  5:48:07 [Note] mysql/bin/mysqld_usbwv8.exe: ready for connections.
Version: '5.1.44-community'  socket: ''  port: 3306  MySQL Community Server (GPL)
151211  9:42:58 [Note] Plugin 'FEDERATED' is disabled.
151211  9:42:58 [Note] Plugin 'InnoDB' is disabled.
151211  9:42:58 [Note] Event Scheduler: Loaded 0 events
151211  9:42:58 [Note] mysql/bin/mysqld_usbwv8.exe: ready for connections.
Version: '5.1.44-community'  socket: ''  port: 3306  MySQL Community Server (GPL)
151211 10:54:50 [Note] Plugin 'FEDERATED' is disabled.
151211 10:54:50 [Note] Plugin 'InnoDB' is disabled.
151211 10:54:51 [Note] Event Scheduler: Loaded 0 events
151211 10:54:51 [Note] mysql/bin/mysqld_usbwv8.exe: ready for connections.
Version: '5.1.44-community'  socket: ''  port: 3306  MySQL Community Server (GPL)
151211 14:02:30 [Note] Plugin 'FEDERATED' is disabled.
151211 14:02:30 [Note] Plugin 'InnoDB' is disabled.
151211 14:02:30 [Note] Event Scheduler: Loaded 0 events
151211 14:02:30 [Note] mysql/bin/mysqld_usbwv8.exe: ready for connections.
Version: '5.1.44-community'  socket: ''  port: 3306  MySQL Community Server (GPL)
151212 11:33:27 [Note] Plugin 'FEDERATED' is disabled.
151212 11:33:27 [Note] Plugin 'InnoDB' is disabled.
Can't start server: Bind on TCP/IP port: No such file or directory
151212 11:33:27 [ERROR] Do you already have another mysqld server running on port: 3306 ?
151212 11:33:27 [ERROR] Aborting

151212 11:33:27 [Note] mysql/bin/mysqld_usbwv8.exe: Shutdown complete

151212 11:33:49 [Note] Plugin 'FEDERATED' is disabled.
151212 11:33:49 [Note] Plugin 'InnoDB' is disabled.
151212 11:33:49 [Note] Event Scheduler: Loaded 0 events
151212 11:33:49 [Note] mysql/bin/mysqld_usbwv8.exe: ready for connections.
Version: '5.1.44-community'  socket: ''  port: 3306  MySQL Community Server (GPL)
151214  9:58:41 [Note] Plugin 'FEDERATED' is disabled.
151214  9:58:41 [Note] Plugin 'InnoDB' is disabled.
151214  9:58:41 [Note] Event Scheduler: Loaded 0 events
151214  9:58:41 [Note] mysql/bin/mysqld_usbwv8.exe: ready for connections.
Version: '5.1.44-community'  socket: ''  port: 3306  MySQL Community Server (GPL)
151214 13:40:38 [Note] Plugin 'FEDERATED' is disabled.
151214 13:40:38 [Note] Plugin 'InnoDB' is disabled.
151214 13:40:38 [Note] Event Scheduler: Loaded 0 events
151214 13:40:38 [Note] mysql/bin/mysqld_usbwv8.exe: ready for connections.
Version: '5.1.44-community'  socket: ''  port: 3306  MySQL Community Server (GPL)
151214 14:41:56 [Note] Plugin 'FEDERATED' is disabled.
151214 14:41:56 [Note] Plugin 'InnoDB' is disabled.
151214 14:41:56 [Note] Event Scheduler: Loaded 0 events
151214 14:41:56 [Note] mysql/bin/mysqld_usbwv8.exe: ready for connections.
Version: '5.1.44-community'  socket: ''  port: 3306  MySQL Community Server (GPL)
151219  4:08:45 [Note] Plugin 'FEDERATED' is disabled.
151219  4:08:45 [Note] Plugin 'InnoDB' is disabled.
151219  4:08:47 [Note] Event Scheduler: Loaded 0 events
151219  4:08:47 [Note] mysql/bin/mysqld_usbwv8.exe: ready for connections.
Version: '5.1.44-community'  socket: ''  port: 3306  MySQL Community Server (GPL)
151219  8:06:57 [Note] Plugin 'FEDERATED' is disabled.
151219  8:06:57 [Note] Plugin 'InnoDB' is disabled.
151219  8:06:59 [Note] Event Scheduler: Loaded 0 events
151219  8:06:59 [Note] mysql/bin/mysqld_usbwv8.exe: ready for connections.
Version: '5.1.44-community'  socket: ''  port: 3306  MySQL Community Server (GPL)
151219 13:18:32 [Note] Plugin 'FEDERATED' is disabled.
151219 13:18:32 [Note] Plugin 'InnoDB' is disabled.
151219 13:18:32 [Note] Event Scheduler: Loaded 0 events
151219 13:18:32 [Note] mysql/bin/mysqld_usbwv8.exe: ready for connections.
Version: '5.1.44-community'  socket: ''  port: 3306  MySQL Community Server (GPL)
151220  9:04:42 [Note] Plugin 'FEDERATED' is disabled.
151220  9:04:42 [Note] Plugin 'InnoDB' is disabled.
151220  9:04:42 [Note] Event Scheduler: Loaded 0 events
151220  9:04:42 [Note] mysql/bin/mysqld_usbwv8.exe: ready for connections.
Version: '5.1.44-community'  socket: ''  port: 3306  MySQL Community Server (GPL)
151222  9:11:25 [Note] Plugin 'FEDERATED' is disabled.
151222  9:11:25 [Note] Plugin 'InnoDB' is disabled.
160111 12:41:12 [Note] Plugin 'FEDERATED' is disabled.
160111 12:41:12 [Note] Plugin 'InnoDB' is disabled.
160111 12:41:12 [Note] Event Scheduler: Loaded 0 events
160111 12:41:12 [Note] mysql/bin/mysqld_usbwv8.exe: ready for connections.
Version: '5.1.44-community'  socket: ''  port: 3306  MySQL Community Server (GPL)
160114  3:30:11 [Note] Plugin 'FEDERATED' is disabled.
160114  3:30:11 [Note] Plugin 'InnoDB' is disabled.
160114  3:30:13 [Note] Event Scheduler: Loaded 0 events
160114  3:30:13 [Note] mysql/bin/mysqld_usbwv8.exe: ready for connections.
Version: '5.1.44-community'  socket: ''  port: 3306  MySQL Community Server (GPL)
160114 14:05:48 [Note] Plugin 'FEDERATED' is disabled.
160114 14:05:48 [Note] Plugin 'InnoDB' is disabled.
160114 14:05:48 [Note] Event Scheduler: Loaded 0 events
160114 14:05:48 [Note] mysql/bin/mysqld_usbwv8.exe: ready for connections.
Version: '5.1.44-community'  socket: ''  port: 3306  MySQL Community Server (GPL)
160115  3:16:27 [Note] Plugin 'FEDERATED' is disabled.
160115  3:16:27 [Note] Plugin 'InnoDB' is disabled.
160115  3:16:28 [Note] Event Scheduler: Loaded 0 events
160115  3:16:28 [Note] mysql/bin/mysqld_usbwv8.exe: ready for connections.
Version: '5.1.44-community'  socket: ''  port: 3306  MySQL Community Server (GPL)
160115 16:55:35 [Note] Plugin 'FEDERATED' is disabled.
160115 16:55:35 [Note] Plugin 'InnoDB' is disabled.
160115 16:55:35 [Note] Event Scheduler: Loaded 0 events
160115 16:55:35 [Note] mysql/bin/mysqld_usbwv8.exe: ready for connections.
Version: '5.1.44-community'  socket: ''  port: 3306  MySQL Community Server (GPL)
160116  7:18:48 [Note] Plugin 'FEDERATED' is disabled.
160116  7:18:48 [Note] Plugin 'InnoDB' is disabled.
160116  7:18:50 [Note] Event Scheduler: Loaded 0 events
160116  7:18:50 [Note] mysql/bin/mysqld_usbwv8.exe: ready for connections.
Version: '5.1.44-community'  socket: ''  port: 3306  MySQL Community Server (GPL)
160117 18:39:08 [Note] Plugin 'FEDERATED' is disabled.
160117 18:39:08 [Note] Plugin 'InnoDB' is disabled.
160117 18:39:08 [Note] Event Scheduler: Loaded 0 events
160117 18:39:08 [Note] mysql/bin/mysqld_usbwv8.exe: ready for connections.
Version: '5.1.44-community'  socket: ''  port: 3306  MySQL Community Server (GPL)
160117 18:57:28 [Note] Plugin 'FEDERATED' is disabled.
160117 18:57:28 [Note] Plugin 'InnoDB' is disabled.
160117 18:57:28 [Note] Event Scheduler: Loaded 0 events
160117 18:57:28 [Note] mysql/bin/mysqld_usbwv8.exe: ready for connections.
Version: '5.1.44-community'  socket: ''  port: 3306  MySQL Community Server (GPL)
160117 21:53:40 [Note] Plugin 'FEDERATED' is disabled.
160117 21:53:40 [Note] Plugin 'InnoDB' is disabled.
160117 21:53:40 [Note] Event Scheduler: Loaded 0 events
160117 21:53:40 [Note] mysql/bin/mysqld_usbwv8.exe: ready for connections.
Version: '5.1.44-community'  socket: ''  port: 3306  MySQL Community Server (GPL)
160118 17:58:27 [Note] Plugin 'FEDERATED' is disabled.
160118 17:58:27 [Note] Plugin 'InnoDB' is disabled.
160118 17:58:27 [Note] Event Scheduler: Loaded 0 events
160118 17:58:27 [Note] mysql/bin/mysqld_usbwv8.exe: ready for connections.
Version: '5.1.44-community'  socket: ''  port: 3306  MySQL Community Server (GPL)
160118 18:07:38 [Note] Plugin 'FEDERATED' is disabled.
160118 18:07:38 [Note] Plugin 'InnoDB' is disabled.
160118 18:07:38 [Note] Event Scheduler: Loaded 0 events
160118 18:07:38 [Note] mysql/bin/mysqld_usbwv8.exe: ready for connections.
Version: '5.1.44-community'  socket: ''  port: 3306  MySQL Community Server (GPL)
160119 11:51:42 [Note] Plugin 'FEDERATED' is disabled.
160119 11:51:42 [Note] Plugin 'InnoDB' is disabled.
160119 11:51:42 [Note] Event Scheduler: Loaded 0 events
160119 11:51:42 [Note] mysql/bin/mysqld_usbwv8.exe: ready for connections.
Version: '5.1.44-community'  socket: ''  port: 3306  MySQL Community Server (GPL)
160119 14:37:56 [Note] Plugin 'FEDERATED' is disabled.
160119 14:37:57 [Note] Plugin 'InnoDB' is disabled.
160119 14:37:59 [Note] Event Scheduler: Loaded 0 events
160119 14:37:59 [Note] mysql/bin/mysqld_usbwv8.exe: ready for connections.
Version: '5.1.44-community'  socket: ''  port: 3306  MySQL Community Server (GPL)
160120 12:32:37 [Note] Plugin 'FEDERATED' is disabled.
160120 12:32:37 [Note] Plugin 'InnoDB' is disabled.
160120 12:32:39 [Note] Event Scheduler: Loaded 0 events
160120 12:32:39 [Note] mysql/bin/mysqld_usbwv8.exe: ready for connections.
Version: '5.1.44-community'  socket: ''  port: 3306  MySQL Community Server (GPL)
