05 Dez 2015 | 01:37:55,496 | INFO  | main | bootLogger |     | SmartFoxServer 2X
05 Dez 2015 | 01:37:55,498 | INFO  | main | bootLogger |     | BitSwarmEngine version: 3.30.1 { main }
05 Dez 2015 | 01:37:55,499 | INFO  | main | bootLogger |     | System Info:
	Processor(s): 4
	VM Max. memory: 954MB
	os.name: Windows 7
	os.arch: amd64
	os.version: 6.1
	java.version: 1.7.0_21
	java.vendor: Oracle Corporation
	java.vendor.url: http://java.oracle.com/
	java.vm.specification.version: 1.7
	java.vm.version: 23.21-b01
	java.vm.vendor: Oracle Corporation
	java.vm.name: Java HotSpot(TM) 64-Bit Server VM
	java.io.tmpdir: C:\Users\Thomas\AppData\Local\Temp\
	Default charset: UTF-8

05 Dez 2015 | 01:37:55,536 | INFO  | main | bootLogger |     | Network Info:
	Card: Software Loopback Interface 1
		 ->127.0.0.1
		 ->0:0:0:0:0:0:0:1
	Card: WAN Miniport (SSTP)
	Card: WAN Miniport (L2TP)
	Card: WAN Miniport (PPTP)
	Card: WAN Miniport (PPPOE)
	Card: WAN Miniport (IPv6)
	Card: WAN Miniport (Network Monitor)
	Card: WAN Miniport (IP)
	Card: RAS Async Adapter
	Card: WAN Miniport (IKEv2)
	Card: Realtek RTL8168D/8111D Family PCI-E Gigabit Ethernet NIC (NDIS 6.20)
		 ->192.168.1.4
		 ->fe80:0:0:0:f8f2:3254:d8a1:9706%11
	Card: Microsoft-ISATAP-Adapter
		 ->fe80:0:0:0:0:5efe:c0a8:104%12
	Card: Cisco AnyConnect Secure Mobility Client Virtual Miniport Adapter for Windows x64
	Card: Microsoft-ISATAP-Adapter #2
	Card: Realtek RTL8168D/8111D Family PCI-E Gigabit Ethernet NIC (NDIS 6.20)-QoS Packet Scheduler-0000
	Card: Realtek RTL8168D/8111D Family PCI-E Gigabit Ethernet NIC (NDIS 6.20)-WFP LightWeight Filter-0000
	Card: WAN Miniport (Network Monitor)-QoS Packet Scheduler-0000
	Card: WAN Miniport (IP)-QoS Packet Scheduler-0000
	Card: WAN Miniport (IPv6)-QoS Packet Scheduler-0000

05 Dez 2015 | 01:37:55,543 | INFO  | main | bootLogger |     | Session manager ready: com.smartfoxserver.bitswarm.sessions.DefaultSessionManager@1dc6f86d
05 Dez 2015 | 01:37:55,568 | INFO  | main | bootLogger |     | TCP Selector opened
05 Dez 2015 | 01:37:55,579 | INFO  | main | bootLogger |     | UDP Selector opened
05 Dez 2015 | 01:37:55,583 | INFO  | main | bootLogger |     | AcceptSelector opened
05 Dez 2015 | 01:37:55,590 | INFO  | main | bootLogger |     | Added bound tcp socket --> 0.0.0.0:9933
05 Dez 2015 | 01:37:55,592 | INFO  | main | bootLogger |     | Added bound udp socket --> 127.0.0.1:9933
05 Dez 2015 | 01:37:55,592 | INFO  | main | bootLogger |     | Controller started: com.smartfoxserver.v2.controllers.v290.SystemReqController 
05 Dez 2015 | 01:37:55,593 | INFO  | main | bootLogger |     | Controller started: com.smartfoxserver.v2.controllers.v290.SmasherReqController 
05 Dez 2015 | 01:37:55,593 | INFO  | main | bootLogger |     | Controller started: com.smartfoxserver.v2.controllers.v290.ExtensionReqController 
05 Dez 2015 | 01:37:55,593 | INFO  | main | bootLogger |     | IOHandler: com.smartfoxserver.v2.protocol.SFSIoHandler@2ef8e535
05 Dez 2015 | 01:37:55,593 | INFO  | main | bootLogger |     | SocketReader started
05 Dez 2015 | 01:37:55,593 | INFO  | main | bootLogger |     | SocketAcceptor initialized
05 Dez 2015 | 01:37:55,598 | INFO  | main | bootLogger |     | Socket Writer started (pool size:3)
05 Dez 2015 | 01:37:55,598 | INFO  | main | bootLogger |     | DatagramReader started
05 Dez 2015 | 01:37:55,607 | INFO  | Scheduler1-thread-1 | bootLogger |     | Scheduler started: scheduler
05 Dez 2015 | 01:37:55,608 | INFO  | main | bootLogger |     | Security Manager started
05 Dez 2015 | 01:37:55,611 | INFO  | main | bootLogger |     | [[[ ===--- Boot sequence complete ---=== ]]]
05 Dez 2015 | 01:38:08,833 | INFO  | main | bootLogger |     | SmartFoxServer 2X
05 Dez 2015 | 01:38:08,835 | INFO  | main | bootLogger |     | BitSwarmEngine version: 3.30.1 { main }
05 Dez 2015 | 01:38:08,836 | INFO  | main | bootLogger |     | System Info:
	Processor(s): 4
	VM Max. memory: 954MB
	os.name: Windows 7
	os.arch: amd64
	os.version: 6.1
	java.version: 1.7.0_21
	java.vendor: Oracle Corporation
	java.vendor.url: http://java.oracle.com/
	java.vm.specification.version: 1.7
	java.vm.version: 23.21-b01
	java.vm.vendor: Oracle Corporation
	java.vm.name: Java HotSpot(TM) 64-Bit Server VM
	java.io.tmpdir: C:\Users\Thomas\AppData\Local\Temp\
	Default charset: UTF-8

05 Dez 2015 | 01:38:08,874 | INFO  | main | bootLogger |     | Network Info:
	Card: Software Loopback Interface 1
		 ->127.0.0.1
		 ->0:0:0:0:0:0:0:1
	Card: WAN Miniport (SSTP)
	Card: WAN Miniport (L2TP)
	Card: WAN Miniport (PPTP)
	Card: WAN Miniport (PPPOE)
	Card: WAN Miniport (IPv6)
	Card: WAN Miniport (Network Monitor)
	Card: WAN Miniport (IP)
	Card: RAS Async Adapter
	Card: WAN Miniport (IKEv2)
	Card: Realtek RTL8168D/8111D Family PCI-E Gigabit Ethernet NIC (NDIS 6.20)
		 ->192.168.1.4
		 ->fe80:0:0:0:f8f2:3254:d8a1:9706%11
	Card: Microsoft-ISATAP-Adapter
		 ->fe80:0:0:0:0:5efe:c0a8:104%12
	Card: Cisco AnyConnect Secure Mobility Client Virtual Miniport Adapter for Windows x64
	Card: Microsoft-ISATAP-Adapter #2
	Card: Realtek RTL8168D/8111D Family PCI-E Gigabit Ethernet NIC (NDIS 6.20)-QoS Packet Scheduler-0000
	Card: Realtek RTL8168D/8111D Family PCI-E Gigabit Ethernet NIC (NDIS 6.20)-WFP LightWeight Filter-0000
	Card: WAN Miniport (Network Monitor)-QoS Packet Scheduler-0000
	Card: WAN Miniport (IP)-QoS Packet Scheduler-0000
	Card: WAN Miniport (IPv6)-QoS Packet Scheduler-0000

05 Dez 2015 | 01:38:08,881 | INFO  | main | bootLogger |     | Session manager ready: com.smartfoxserver.bitswarm.sessions.DefaultSessionManager@31e33295
05 Dez 2015 | 01:38:08,906 | INFO  | main | bootLogger |     | TCP Selector opened
05 Dez 2015 | 01:38:08,917 | INFO  | main | bootLogger |     | UDP Selector opened
05 Dez 2015 | 01:38:08,922 | INFO  | main | bootLogger |     | AcceptSelector opened
05 Dez 2015 | 01:38:08,928 | INFO  | main | bootLogger |     | Added bound tcp socket --> 0.0.0.0:9933
05 Dez 2015 | 01:38:08,930 | INFO  | main | bootLogger |     | Added bound udp socket --> 127.0.0.1:9933
05 Dez 2015 | 01:38:08,931 | INFO  | main | bootLogger |     | Controller started: com.smartfoxserver.v2.controllers.v290.SystemReqController 
05 Dez 2015 | 01:38:08,931 | INFO  | main | bootLogger |     | Controller started: com.smartfoxserver.v2.controllers.v290.SmasherReqController 
05 Dez 2015 | 01:38:08,931 | INFO  | main | bootLogger |     | Controller started: com.smartfoxserver.v2.controllers.v290.ExtensionReqController 
05 Dez 2015 | 01:38:08,931 | INFO  | main | bootLogger |     | IOHandler: com.smartfoxserver.v2.protocol.SFSIoHandler@2f4f069b
05 Dez 2015 | 01:38:08,931 | INFO  | main | bootLogger |     | SocketReader started
05 Dez 2015 | 01:38:08,932 | INFO  | main | bootLogger |     | SocketAcceptor initialized
05 Dez 2015 | 01:38:08,936 | INFO  | main | bootLogger |     | Socket Writer started (pool size:3)
05 Dez 2015 | 01:38:08,937 | INFO  | main | bootLogger |     | DatagramReader started
05 Dez 2015 | 01:38:08,937 | INFO  | Scheduler1-thread-1 | bootLogger |     | Scheduler started: scheduler
05 Dez 2015 | 01:38:08,946 | INFO  | main | bootLogger |     | Security Manager started
05 Dez 2015 | 01:38:08,949 | INFO  | main | bootLogger |     | [[[ ===--- Boot sequence complete ---=== ]]]
05 Dez 2015 | 01:49:03,197 | INFO  | main | bootLogger |     | SmartFoxServer 2X
05 Dez 2015 | 01:49:03,199 | INFO  | main | bootLogger |     | BitSwarmEngine version: 3.30.1 { main }
05 Dez 2015 | 01:49:03,200 | INFO  | main | bootLogger |     | System Info:
	Processor(s): 4
	VM Max. memory: 954MB
	os.name: Windows 7
	os.arch: amd64
	os.version: 6.1
	java.version: 1.7.0_21
	java.vendor: Oracle Corporation
	java.vendor.url: http://java.oracle.com/
	java.vm.specification.version: 1.7
	java.vm.version: 23.21-b01
	java.vm.vendor: Oracle Corporation
	java.vm.name: Java HotSpot(TM) 64-Bit Server VM
	java.io.tmpdir: C:\Users\Thomas\AppData\Local\Temp\
	Default charset: UTF-8

05 Dez 2015 | 01:49:03,249 | INFO  | main | bootLogger |     | Network Info:
	Card: Software Loopback Interface 1
		 ->127.0.0.1
		 ->0:0:0:0:0:0:0:1
	Card: WAN Miniport (SSTP)
	Card: WAN Miniport (L2TP)
	Card: WAN Miniport (PPTP)
	Card: WAN Miniport (PPPOE)
	Card: WAN Miniport (IPv6)
	Card: WAN Miniport (Network Monitor)
	Card: WAN Miniport (IP)
	Card: RAS Async Adapter
	Card: WAN Miniport (IKEv2)
	Card: Realtek RTL8168D/8111D Family PCI-E Gigabit Ethernet NIC (NDIS 6.20)
		 ->192.168.1.4
		 ->fe80:0:0:0:f8f2:3254:d8a1:9706%11
	Card: Microsoft-ISATAP-Adapter
		 ->fe80:0:0:0:0:5efe:c0a8:104%12
	Card: Cisco AnyConnect Secure Mobility Client Virtual Miniport Adapter for Windows x64
	Card: Microsoft-ISATAP-Adapter #2
	Card: Realtek RTL8168D/8111D Family PCI-E Gigabit Ethernet NIC (NDIS 6.20)-QoS Packet Scheduler-0000
	Card: Realtek RTL8168D/8111D Family PCI-E Gigabit Ethernet NIC (NDIS 6.20)-WFP LightWeight Filter-0000
	Card: WAN Miniport (Network Monitor)-QoS Packet Scheduler-0000
	Card: WAN Miniport (IP)-QoS Packet Scheduler-0000
	Card: WAN Miniport (IPv6)-QoS Packet Scheduler-0000

05 Dez 2015 | 01:49:03,258 | INFO  | main | bootLogger |     | Session manager ready: com.smartfoxserver.bitswarm.sessions.DefaultSessionManager@4d118948
05 Dez 2015 | 01:49:03,282 | INFO  | main | bootLogger |     | TCP Selector opened
05 Dez 2015 | 01:49:03,292 | INFO  | main | bootLogger |     | UDP Selector opened
05 Dez 2015 | 01:49:03,296 | INFO  | main | bootLogger |     | AcceptSelector opened
05 Dez 2015 | 01:49:03,303 | INFO  | main | bootLogger |     | Added bound tcp socket --> 0.0.0.0:9933
05 Dez 2015 | 01:49:03,305 | INFO  | main | bootLogger |     | Added bound udp socket --> 127.0.0.1:9933
05 Dez 2015 | 01:49:03,306 | INFO  | main | bootLogger |     | Controller started: com.smartfoxserver.v2.controllers.v290.SystemReqController 
05 Dez 2015 | 01:49:03,306 | INFO  | main | bootLogger |     | Controller started: com.smartfoxserver.v2.controllers.v290.SmasherReqController 
05 Dez 2015 | 01:49:03,306 | INFO  | main | bootLogger |     | Controller started: com.smartfoxserver.v2.controllers.v290.ExtensionReqController 
05 Dez 2015 | 01:49:03,306 | INFO  | main | bootLogger |     | IOHandler: com.smartfoxserver.v2.protocol.SFSIoHandler@27ba4174
05 Dez 2015 | 01:49:03,307 | INFO  | main | bootLogger |     | SocketReader started
05 Dez 2015 | 01:49:03,307 | INFO  | main | bootLogger |     | SocketAcceptor initialized
05 Dez 2015 | 01:49:03,383 | INFO  | main | bootLogger |     | WebSocketService started: 127.0.0.1:8888
05 Dez 2015 | 01:49:03,383 | INFO  | main | bootLogger |     | Socket Writer started (pool size:3)
05 Dez 2015 | 01:49:03,383 | INFO  | main | bootLogger |     | DatagramReader started
05 Dez 2015 | 01:49:03,384 | INFO  | Scheduler1-thread-1 | bootLogger |     | Scheduler started: scheduler
05 Dez 2015 | 01:49:03,385 | INFO  | main | bootLogger |     | Security Manager started
05 Dez 2015 | 01:49:03,388 | INFO  | main | bootLogger |     | [[[ ===--- Boot sequence complete ---=== ]]]
05 Dez 2015 | 01:49:33,744 | INFO  | main | bootLogger |     | SmartFoxServer 2X
05 Dez 2015 | 01:49:33,746 | INFO  | main | bootLogger |     | BitSwarmEngine version: 3.30.1 { main }
05 Dez 2015 | 01:49:33,747 | INFO  | main | bootLogger |     | System Info:
	Processor(s): 4
	VM Max. memory: 954MB
	os.name: Windows 7
	os.arch: amd64
	os.version: 6.1
	java.version: 1.7.0_21
	java.vendor: Oracle Corporation
	java.vendor.url: http://java.oracle.com/
	java.vm.specification.version: 1.7
	java.vm.version: 23.21-b01
	java.vm.vendor: Oracle Corporation
	java.vm.name: Java HotSpot(TM) 64-Bit Server VM
	java.io.tmpdir: C:\Users\Thomas\AppData\Local\Temp\
	Default charset: UTF-8

05 Dez 2015 | 01:49:33,785 | INFO  | main | bootLogger |     | Network Info:
	Card: Software Loopback Interface 1
		 ->127.0.0.1
		 ->0:0:0:0:0:0:0:1
	Card: WAN Miniport (SSTP)
	Card: WAN Miniport (L2TP)
	Card: WAN Miniport (PPTP)
	Card: WAN Miniport (PPPOE)
	Card: WAN Miniport (IPv6)
	Card: WAN Miniport (Network Monitor)
	Card: WAN Miniport (IP)
	Card: RAS Async Adapter
	Card: WAN Miniport (IKEv2)
	Card: Realtek RTL8168D/8111D Family PCI-E Gigabit Ethernet NIC (NDIS 6.20)
		 ->192.168.1.4
		 ->fe80:0:0:0:f8f2:3254:d8a1:9706%11
	Card: Microsoft-ISATAP-Adapter
		 ->fe80:0:0:0:0:5efe:c0a8:104%12
	Card: Cisco AnyConnect Secure Mobility Client Virtual Miniport Adapter for Windows x64
	Card: Microsoft-ISATAP-Adapter #2
	Card: Realtek RTL8168D/8111D Family PCI-E Gigabit Ethernet NIC (NDIS 6.20)-QoS Packet Scheduler-0000
	Card: Realtek RTL8168D/8111D Family PCI-E Gigabit Ethernet NIC (NDIS 6.20)-WFP LightWeight Filter-0000
	Card: WAN Miniport (Network Monitor)-QoS Packet Scheduler-0000
	Card: WAN Miniport (IP)-QoS Packet Scheduler-0000
	Card: WAN Miniport (IPv6)-QoS Packet Scheduler-0000

05 Dez 2015 | 01:49:33,793 | INFO  | main | bootLogger |     | Session manager ready: com.smartfoxserver.bitswarm.sessions.DefaultSessionManager@572f7c3
05 Dez 2015 | 01:49:33,816 | INFO  | main | bootLogger |     | TCP Selector opened
05 Dez 2015 | 01:49:33,827 | INFO  | main | bootLogger |     | UDP Selector opened
05 Dez 2015 | 01:49:33,831 | INFO  | main | bootLogger |     | AcceptSelector opened
05 Dez 2015 | 01:49:33,838 | INFO  | main | bootLogger |     | Added bound tcp socket --> 0.0.0.0:9933
05 Dez 2015 | 01:49:33,840 | INFO  | main | bootLogger |     | Added bound udp socket --> 127.0.0.1:9933
05 Dez 2015 | 01:49:33,840 | INFO  | main | bootLogger |     | Controller started: com.smartfoxserver.v2.controllers.v290.SystemReqController 
05 Dez 2015 | 01:49:33,841 | INFO  | main | bootLogger |     | Controller started: com.smartfoxserver.v2.controllers.v290.SmasherReqController 
05 Dez 2015 | 01:49:33,841 | INFO  | main | bootLogger |     | Controller started: com.smartfoxserver.v2.controllers.v290.ExtensionReqController 
05 Dez 2015 | 01:49:33,841 | INFO  | main | bootLogger |     | IOHandler: com.smartfoxserver.v2.protocol.SFSIoHandler@cb4bde2
05 Dez 2015 | 01:49:33,841 | INFO  | main | bootLogger |     | SocketReader started
05 Dez 2015 | 01:49:33,842 | INFO  | main | bootLogger |     | SocketAcceptor initialized
05 Dez 2015 | 01:49:33,920 | INFO  | main | bootLogger |     | WebSocketService started: 127.0.0.1:8888
05 Dez 2015 | 01:49:33,921 | INFO  | main | bootLogger |     | Socket Writer started (pool size:3)
05 Dez 2015 | 01:49:33,921 | INFO  | main | bootLogger |     | DatagramReader started
05 Dez 2015 | 01:49:33,921 | INFO  | Scheduler1-thread-1 | bootLogger |     | Scheduler started: scheduler
05 Dez 2015 | 01:49:33,922 | INFO  | main | bootLogger |     | Security Manager started
05 Dez 2015 | 01:49:33,925 | INFO  | main | bootLogger |     | [[[ ===--- Boot sequence complete ---=== ]]]
05 Dez 2015 | 01:51:24,263 | INFO  | main | bootLogger |     | SmartFoxServer 2X
05 Dez 2015 | 01:51:24,265 | INFO  | main | bootLogger |     | BitSwarmEngine version: 3.30.1 { main }
05 Dez 2015 | 01:51:24,266 | INFO  | main | bootLogger |     | System Info:
	Processor(s): 4
	VM Max. memory: 954MB
	os.name: Windows 7
	os.arch: amd64
	os.version: 6.1
	java.version: 1.7.0_21
	java.vendor: Oracle Corporation
	java.vendor.url: http://java.oracle.com/
	java.vm.specification.version: 1.7
	java.vm.version: 23.21-b01
	java.vm.vendor: Oracle Corporation
	java.vm.name: Java HotSpot(TM) 64-Bit Server VM
	java.io.tmpdir: C:\Users\Thomas\AppData\Local\Temp\
	Default charset: UTF-8

05 Dez 2015 | 01:51:24,303 | INFO  | main | bootLogger |     | Network Info:
	Card: Software Loopback Interface 1
		 ->127.0.0.1
		 ->0:0:0:0:0:0:0:1
	Card: WAN Miniport (SSTP)
	Card: WAN Miniport (L2TP)
	Card: WAN Miniport (PPTP)
	Card: WAN Miniport (PPPOE)
	Card: WAN Miniport (IPv6)
	Card: WAN Miniport (Network Monitor)
	Card: WAN Miniport (IP)
	Card: RAS Async Adapter
	Card: WAN Miniport (IKEv2)
	Card: Realtek RTL8168D/8111D Family PCI-E Gigabit Ethernet NIC (NDIS 6.20)
		 ->192.168.1.4
		 ->fe80:0:0:0:f8f2:3254:d8a1:9706%11
	Card: Microsoft-ISATAP-Adapter
		 ->fe80:0:0:0:0:5efe:c0a8:104%12
	Card: Cisco AnyConnect Secure Mobility Client Virtual Miniport Adapter for Windows x64
	Card: Microsoft-ISATAP-Adapter #2
	Card: Realtek RTL8168D/8111D Family PCI-E Gigabit Ethernet NIC (NDIS 6.20)-QoS Packet Scheduler-0000
	Card: Realtek RTL8168D/8111D Family PCI-E Gigabit Ethernet NIC (NDIS 6.20)-WFP LightWeight Filter-0000
	Card: WAN Miniport (Network Monitor)-QoS Packet Scheduler-0000
	Card: WAN Miniport (IP)-QoS Packet Scheduler-0000
	Card: WAN Miniport (IPv6)-QoS Packet Scheduler-0000

05 Dez 2015 | 01:51:24,310 | INFO  | main | bootLogger |     | Session manager ready: com.smartfoxserver.bitswarm.sessions.DefaultSessionManager@3ee82600
05 Dez 2015 | 01:51:24,334 | INFO  | main | bootLogger |     | TCP Selector opened
05 Dez 2015 | 01:51:24,344 | INFO  | main | bootLogger |     | UDP Selector opened
05 Dez 2015 | 01:51:24,348 | INFO  | main | bootLogger |     | AcceptSelector opened
05 Dez 2015 | 01:51:24,355 | INFO  | main | bootLogger |     | Added bound tcp socket --> 0.0.0.0:9933
05 Dez 2015 | 01:51:24,358 | INFO  | main | bootLogger |     | Added bound udp socket --> 127.0.0.1:9933
05 Dez 2015 | 01:51:24,358 | INFO  | main | bootLogger |     | Controller started: com.smartfoxserver.v2.controllers.v290.SystemReqController 
05 Dez 2015 | 01:51:24,358 | INFO  | main | bootLogger |     | Controller started: com.smartfoxserver.v2.controllers.v290.SmasherReqController 
05 Dez 2015 | 01:51:24,358 | INFO  | main | bootLogger |     | Controller started: com.smartfoxserver.v2.controllers.v290.ExtensionReqController 
05 Dez 2015 | 01:51:24,359 | INFO  | main | bootLogger |     | IOHandler: com.smartfoxserver.v2.protocol.SFSIoHandler@2e1e46f2
05 Dez 2015 | 01:51:24,359 | INFO  | main | bootLogger |     | SocketReader started
05 Dez 2015 | 01:51:24,359 | INFO  | main | bootLogger |     | SocketAcceptor initialized
05 Dez 2015 | 01:51:24,437 | INFO  | main | bootLogger |     | WebSocketService started: 127.0.0.1:8888
05 Dez 2015 | 01:51:24,438 | INFO  | main | bootLogger |     | Socket Writer started (pool size:3)
05 Dez 2015 | 01:51:24,438 | INFO  | main | bootLogger |     | DatagramReader started
05 Dez 2015 | 01:51:24,439 | INFO  | Scheduler1-thread-1 | bootLogger |     | Scheduler started: scheduler
05 Dez 2015 | 01:51:24,440 | INFO  | main | bootLogger |     | Security Manager started
05 Dez 2015 | 01:51:24,443 | INFO  | main | bootLogger |     | [[[ ===--- Boot sequence complete ---=== ]]]
05 Dez 2015 | 02:17:49,490 | INFO  | main | bootLogger |     | SmartFoxServer 2X
05 Dez 2015 | 02:17:49,493 | INFO  | main | bootLogger |     | BitSwarmEngine version: 3.30.1 { main }
05 Dez 2015 | 02:17:49,494 | INFO  | main | bootLogger |     | System Info:
	Processor(s): 4
	VM Max. memory: 954MB
	os.name: Windows 7
	os.arch: amd64
	os.version: 6.1
	java.version: 1.7.0_21
	java.vendor: Oracle Corporation
	java.vendor.url: http://java.oracle.com/
	java.vm.specification.version: 1.7
	java.vm.version: 23.21-b01
	java.vm.vendor: Oracle Corporation
	java.vm.name: Java HotSpot(TM) 64-Bit Server VM
	java.io.tmpdir: C:\Users\Thomas\AppData\Local\Temp\
	Default charset: UTF-8

05 Dez 2015 | 02:17:49,531 | INFO  | main | bootLogger |     | Network Info:
	Card: Software Loopback Interface 1
		 ->127.0.0.1
		 ->0:0:0:0:0:0:0:1
	Card: WAN Miniport (SSTP)
	Card: WAN Miniport (L2TP)
	Card: WAN Miniport (PPTP)
	Card: WAN Miniport (PPPOE)
	Card: WAN Miniport (IPv6)
	Card: WAN Miniport (Network Monitor)
	Card: WAN Miniport (IP)
	Card: RAS Async Adapter
	Card: WAN Miniport (IKEv2)
	Card: Realtek RTL8168D/8111D Family PCI-E Gigabit Ethernet NIC (NDIS 6.20)
		 ->192.168.1.4
		 ->fe80:0:0:0:f8f2:3254:d8a1:9706%11
	Card: Microsoft-ISATAP-Adapter
		 ->fe80:0:0:0:0:5efe:c0a8:104%12
	Card: Cisco AnyConnect Secure Mobility Client Virtual Miniport Adapter for Windows x64
	Card: Microsoft-ISATAP-Adapter #2
	Card: Realtek RTL8168D/8111D Family PCI-E Gigabit Ethernet NIC (NDIS 6.20)-QoS Packet Scheduler-0000
	Card: Realtek RTL8168D/8111D Family PCI-E Gigabit Ethernet NIC (NDIS 6.20)-WFP LightWeight Filter-0000
	Card: WAN Miniport (Network Monitor)-QoS Packet Scheduler-0000
	Card: WAN Miniport (IP)-QoS Packet Scheduler-0000
	Card: WAN Miniport (IPv6)-QoS Packet Scheduler-0000

05 Dez 2015 | 02:17:49,539 | INFO  | main | bootLogger |     | Session manager ready: com.smartfoxserver.bitswarm.sessions.DefaultSessionManager@1d6e13d7
05 Dez 2015 | 02:17:49,572 | INFO  | main | bootLogger |     | TCP Selector opened
05 Dez 2015 | 02:17:49,583 | INFO  | main | bootLogger |     | UDP Selector opened
05 Dez 2015 | 02:17:49,587 | INFO  | main | bootLogger |     | AcceptSelector opened
05 Dez 2015 | 02:17:49,594 | INFO  | main | bootLogger |     | Added bound tcp socket --> 0.0.0.0:9933
05 Dez 2015 | 02:17:49,598 | INFO  | main | bootLogger |     | Added bound udp socket --> 127.0.0.1:9933
05 Dez 2015 | 02:17:49,599 | INFO  | main | bootLogger |     | Controller started: com.smartfoxserver.v2.controllers.v290.SystemReqController 
05 Dez 2015 | 02:17:49,599 | INFO  | main | bootLogger |     | Controller started: com.smartfoxserver.v2.controllers.v290.SmasherReqController 
05 Dez 2015 | 02:17:49,599 | INFO  | main | bootLogger |     | Controller started: com.smartfoxserver.v2.controllers.v290.ExtensionReqController 
05 Dez 2015 | 02:17:49,599 | INFO  | main | bootLogger |     | IOHandler: com.smartfoxserver.v2.protocol.SFSIoHandler@3af0968b
05 Dez 2015 | 02:17:49,600 | INFO  | main | bootLogger |     | SocketReader started
05 Dez 2015 | 02:17:49,600 | INFO  | main | bootLogger |     | SocketAcceptor initialized
05 Dez 2015 | 02:17:49,678 | INFO  | main | bootLogger |     | WebSocketService started: 127.0.0.1:8888
05 Dez 2015 | 02:17:49,679 | INFO  | main | bootLogger |     | Socket Writer started (pool size:3)
05 Dez 2015 | 02:17:49,679 | INFO  | main | bootLogger |     | DatagramReader started
05 Dez 2015 | 02:17:49,680 | INFO  | Scheduler1-thread-1 | bootLogger |     | Scheduler started: scheduler
05 Dez 2015 | 02:17:49,681 | INFO  | main | bootLogger |     | Security Manager started
05 Dez 2015 | 02:17:49,684 | INFO  | main | bootLogger |     | [[[ ===--- Boot sequence complete ---=== ]]]
05 Dez 2015 | 02:18:50,346 | INFO  | main | bootLogger |     | SmartFoxServer 2X
05 Dez 2015 | 02:18:50,348 | INFO  | main | bootLogger |     | BitSwarmEngine version: 3.30.1 { main }
05 Dez 2015 | 02:18:50,349 | INFO  | main | bootLogger |     | System Info:
	Processor(s): 4
	VM Max. memory: 954MB
	os.name: Windows 7
	os.arch: amd64
	os.version: 6.1
	java.version: 1.7.0_21
	java.vendor: Oracle Corporation
	java.vendor.url: http://java.oracle.com/
	java.vm.specification.version: 1.7
	java.vm.version: 23.21-b01
	java.vm.vendor: Oracle Corporation
	java.vm.name: Java HotSpot(TM) 64-Bit Server VM
	java.io.tmpdir: C:\Users\Thomas\AppData\Local\Temp\
	Default charset: UTF-8

05 Dez 2015 | 02:18:50,387 | INFO  | main | bootLogger |     | Network Info:
	Card: Software Loopback Interface 1
		 ->127.0.0.1
		 ->0:0:0:0:0:0:0:1
	Card: WAN Miniport (SSTP)
	Card: WAN Miniport (L2TP)
	Card: WAN Miniport (PPTP)
	Card: WAN Miniport (PPPOE)
	Card: WAN Miniport (IPv6)
	Card: WAN Miniport (Network Monitor)
	Card: WAN Miniport (IP)
	Card: RAS Async Adapter
	Card: WAN Miniport (IKEv2)
	Card: Realtek RTL8168D/8111D Family PCI-E Gigabit Ethernet NIC (NDIS 6.20)
		 ->192.168.1.4
		 ->fe80:0:0:0:f8f2:3254:d8a1:9706%11
	Card: Microsoft-ISATAP-Adapter
		 ->fe80:0:0:0:0:5efe:c0a8:104%12
	Card: Cisco AnyConnect Secure Mobility Client Virtual Miniport Adapter for Windows x64
	Card: Microsoft-ISATAP-Adapter #2
	Card: Realtek RTL8168D/8111D Family PCI-E Gigabit Ethernet NIC (NDIS 6.20)-QoS Packet Scheduler-0000
	Card: Realtek RTL8168D/8111D Family PCI-E Gigabit Ethernet NIC (NDIS 6.20)-WFP LightWeight Filter-0000
	Card: WAN Miniport (Network Monitor)-QoS Packet Scheduler-0000
	Card: WAN Miniport (IP)-QoS Packet Scheduler-0000
	Card: WAN Miniport (IPv6)-QoS Packet Scheduler-0000

05 Dez 2015 | 02:18:50,394 | INFO  | main | bootLogger |     | Session manager ready: com.smartfoxserver.bitswarm.sessions.DefaultSessionManager@25bdcb36
05 Dez 2015 | 02:18:50,418 | INFO  | main | bootLogger |     | TCP Selector opened
05 Dez 2015 | 02:18:50,428 | INFO  | main | bootLogger |     | UDP Selector opened
05 Dez 2015 | 02:18:50,432 | INFO  | main | bootLogger |     | AcceptSelector opened
05 Dez 2015 | 02:18:50,439 | INFO  | main | bootLogger |     | Added bound tcp socket --> 0.0.0.0:9933
05 Dez 2015 | 02:18:50,442 | INFO  | main | bootLogger |     | Added bound udp socket --> 127.0.0.1:9933
05 Dez 2015 | 02:18:50,443 | INFO  | main | bootLogger |     | Controller started: com.smartfoxserver.v2.controllers.v290.SystemReqController 
05 Dez 2015 | 02:18:50,443 | INFO  | main | bootLogger |     | Controller started: com.smartfoxserver.v2.controllers.v290.SmasherReqController 
05 Dez 2015 | 02:18:50,443 | INFO  | main | bootLogger |     | Controller started: com.smartfoxserver.v2.controllers.v290.ExtensionReqController 
05 Dez 2015 | 02:18:50,444 | INFO  | main | bootLogger |     | IOHandler: com.smartfoxserver.v2.protocol.SFSIoHandler@26cd3dd9
05 Dez 2015 | 02:18:50,444 | INFO  | main | bootLogger |     | SocketReader started
05 Dez 2015 | 02:18:50,444 | INFO  | main | bootLogger |     | SocketAcceptor initialized
05 Dez 2015 | 02:18:50,522 | INFO  | main | bootLogger |     | WebSocketService started: 127.0.0.1:8888
05 Dez 2015 | 02:18:50,522 | INFO  | main | bootLogger |     | Socket Writer started (pool size:3)
05 Dez 2015 | 02:18:50,523 | INFO  | main | bootLogger |     | DatagramReader started
05 Dez 2015 | 02:18:50,523 | INFO  | Scheduler1-thread-1 | bootLogger |     | Scheduler started: scheduler
05 Dez 2015 | 02:18:50,524 | INFO  | main | bootLogger |     | Security Manager started
05 Dez 2015 | 02:18:50,527 | INFO  | main | bootLogger |     | [[[ ===--- Boot sequence complete ---=== ]]]
05 Dez 2015 | 02:26:24,114 | INFO  | main | bootLogger |     | SmartFoxServer 2X
05 Dez 2015 | 02:26:24,116 | INFO  | main | bootLogger |     | BitSwarmEngine version: 3.30.1 { main }
05 Dez 2015 | 02:26:24,117 | INFO  | main | bootLogger |     | System Info:
	Processor(s): 4
	VM Max. memory: 954MB
	os.name: Windows 7
	os.arch: amd64
	os.version: 6.1
	java.version: 1.7.0_21
	java.vendor: Oracle Corporation
	java.vendor.url: http://java.oracle.com/
	java.vm.specification.version: 1.7
	java.vm.version: 23.21-b01
	java.vm.vendor: Oracle Corporation
	java.vm.name: Java HotSpot(TM) 64-Bit Server VM
	java.io.tmpdir: C:\Users\Thomas\AppData\Local\Temp\
	Default charset: UTF-8

05 Dez 2015 | 02:26:24,155 | INFO  | main | bootLogger |     | Network Info:
	Card: Software Loopback Interface 1
		 ->127.0.0.1
		 ->0:0:0:0:0:0:0:1
	Card: WAN Miniport (SSTP)
	Card: WAN Miniport (L2TP)
	Card: WAN Miniport (PPTP)
	Card: WAN Miniport (PPPOE)
	Card: WAN Miniport (IPv6)
	Card: WAN Miniport (Network Monitor)
	Card: WAN Miniport (IP)
	Card: RAS Async Adapter
	Card: WAN Miniport (IKEv2)
	Card: Realtek RTL8168D/8111D Family PCI-E Gigabit Ethernet NIC (NDIS 6.20)
		 ->192.168.1.4
		 ->fe80:0:0:0:f8f2:3254:d8a1:9706%11
	Card: Microsoft-ISATAP-Adapter
		 ->fe80:0:0:0:0:5efe:c0a8:104%12
	Card: Cisco AnyConnect Secure Mobility Client Virtual Miniport Adapter for Windows x64
	Card: Microsoft-ISATAP-Adapter #2
	Card: Realtek RTL8168D/8111D Family PCI-E Gigabit Ethernet NIC (NDIS 6.20)-QoS Packet Scheduler-0000
	Card: Realtek RTL8168D/8111D Family PCI-E Gigabit Ethernet NIC (NDIS 6.20)-WFP LightWeight Filter-0000
	Card: WAN Miniport (Network Monitor)-QoS Packet Scheduler-0000
	Card: WAN Miniport (IP)-QoS Packet Scheduler-0000
	Card: WAN Miniport (IPv6)-QoS Packet Scheduler-0000

05 Dez 2015 | 02:26:24,163 | INFO  | main | bootLogger |     | Session manager ready: com.smartfoxserver.bitswarm.sessions.DefaultSessionManager@63d94e88
05 Dez 2015 | 02:26:24,186 | INFO  | main | bootLogger |     | TCP Selector opened
05 Dez 2015 | 02:26:24,196 | INFO  | main | bootLogger |     | UDP Selector opened
05 Dez 2015 | 02:26:24,201 | INFO  | main | bootLogger |     | AcceptSelector opened
05 Dez 2015 | 02:26:24,208 | INFO  | main | bootLogger |     | Added bound tcp socket --> 0.0.0.0:9933
05 Dez 2015 | 02:26:24,210 | INFO  | main | bootLogger |     | Added bound udp socket --> 127.0.0.1:9933
05 Dez 2015 | 02:26:24,210 | INFO  | main | bootLogger |     | Controller started: com.smartfoxserver.v2.controllers.v290.SystemReqController 
05 Dez 2015 | 02:26:24,211 | INFO  | main | bootLogger |     | Controller started: com.smartfoxserver.v2.controllers.v290.SmasherReqController 
05 Dez 2015 | 02:26:24,211 | INFO  | main | bootLogger |     | Controller started: com.smartfoxserver.v2.controllers.v290.ExtensionReqController 
05 Dez 2015 | 02:26:24,211 | INFO  | main | bootLogger |     | IOHandler: com.smartfoxserver.v2.protocol.SFSIoHandler@3733fcc9
05 Dez 2015 | 02:26:24,211 | INFO  | main | bootLogger |     | SocketReader started
05 Dez 2015 | 02:26:24,211 | INFO  | main | bootLogger |     | SocketAcceptor initialized
05 Dez 2015 | 02:26:24,289 | INFO  | main | bootLogger |     | WebSocketService started: 127.0.0.1:8888
05 Dez 2015 | 02:26:24,289 | INFO  | main | bootLogger |     | Socket Writer started (pool size:3)
05 Dez 2015 | 02:26:24,290 | INFO  | main | bootLogger |     | DatagramReader started
05 Dez 2015 | 02:26:24,290 | INFO  | Scheduler1-thread-1 | bootLogger |     | Scheduler started: scheduler
05 Dez 2015 | 02:26:24,291 | INFO  | main | bootLogger |     | Security Manager started
05 Dez 2015 | 02:26:24,294 | INFO  | main | bootLogger |     | [[[ ===--- Boot sequence complete ---=== ]]]
05 Dez 2015 | 02:28:10,969 | INFO  | main | bootLogger |     | SmartFoxServer 2X
05 Dez 2015 | 02:28:10,972 | INFO  | main | bootLogger |     | BitSwarmEngine version: 3.30.1 { main }
05 Dez 2015 | 02:28:10,972 | INFO  | main | bootLogger |     | System Info:
	Processor(s): 4
	VM Max. memory: 954MB
	os.name: Windows 7
	os.arch: amd64
	os.version: 6.1
	java.version: 1.7.0_21
	java.vendor: Oracle Corporation
	java.vendor.url: http://java.oracle.com/
	java.vm.specification.version: 1.7
	java.vm.version: 23.21-b01
	java.vm.vendor: Oracle Corporation
	java.vm.name: Java HotSpot(TM) 64-Bit Server VM
	java.io.tmpdir: C:\Users\Thomas\AppData\Local\Temp\
	Default charset: UTF-8

05 Dez 2015 | 02:28:11,010 | INFO  | main | bootLogger |     | Network Info:
	Card: Software Loopback Interface 1
		 ->127.0.0.1
		 ->0:0:0:0:0:0:0:1
	Card: WAN Miniport (SSTP)
	Card: WAN Miniport (L2TP)
	Card: WAN Miniport (PPTP)
	Card: WAN Miniport (PPPOE)
	Card: WAN Miniport (IPv6)
	Card: WAN Miniport (Network Monitor)
	Card: WAN Miniport (IP)
	Card: RAS Async Adapter
	Card: WAN Miniport (IKEv2)
	Card: Realtek RTL8168D/8111D Family PCI-E Gigabit Ethernet NIC (NDIS 6.20)
		 ->192.168.1.4
		 ->fe80:0:0:0:f8f2:3254:d8a1:9706%11
	Card: Microsoft-ISATAP-Adapter
		 ->fe80:0:0:0:0:5efe:c0a8:104%12
	Card: Cisco AnyConnect Secure Mobility Client Virtual Miniport Adapter for Windows x64
	Card: Microsoft-ISATAP-Adapter #2
	Card: Realtek RTL8168D/8111D Family PCI-E Gigabit Ethernet NIC (NDIS 6.20)-QoS Packet Scheduler-0000
	Card: Realtek RTL8168D/8111D Family PCI-E Gigabit Ethernet NIC (NDIS 6.20)-WFP LightWeight Filter-0000
	Card: WAN Miniport (Network Monitor)-QoS Packet Scheduler-0000
	Card: WAN Miniport (IP)-QoS Packet Scheduler-0000
	Card: WAN Miniport (IPv6)-QoS Packet Scheduler-0000

05 Dez 2015 | 02:28:11,018 | INFO  | main | bootLogger |     | Session manager ready: com.smartfoxserver.bitswarm.sessions.DefaultSessionManager@50d96164
05 Dez 2015 | 02:28:11,041 | INFO  | main | bootLogger |     | TCP Selector opened
05 Dez 2015 | 02:28:11,052 | INFO  | main | bootLogger |     | UDP Selector opened
05 Dez 2015 | 02:28:11,056 | INFO  | main | bootLogger |     | AcceptSelector opened
05 Dez 2015 | 02:28:11,063 | INFO  | main | bootLogger |     | Added bound tcp socket --> 0.0.0.0:9933
05 Dez 2015 | 02:28:11,065 | INFO  | main | bootLogger |     | Added bound udp socket --> 127.0.0.1:9933
05 Dez 2015 | 02:28:11,066 | INFO  | main | bootLogger |     | Controller started: com.smartfoxserver.v2.controllers.v290.SystemReqController 
05 Dez 2015 | 02:28:11,066 | INFO  | main | bootLogger |     | Controller started: com.smartfoxserver.v2.controllers.v290.SmasherReqController 
05 Dez 2015 | 02:28:11,066 | INFO  | main | bootLogger |     | Controller started: com.smartfoxserver.v2.controllers.v290.ExtensionReqController 
05 Dez 2015 | 02:28:11,066 | INFO  | main | bootLogger |     | IOHandler: com.smartfoxserver.v2.protocol.SFSIoHandler@7fd9af09
05 Dez 2015 | 02:28:11,067 | INFO  | main | bootLogger |     | SocketReader started
05 Dez 2015 | 02:28:11,067 | INFO  | main | bootLogger |     | SocketAcceptor initialized
05 Dez 2015 | 02:28:11,146 | INFO  | main | bootLogger |     | WebSocketService started: 127.0.0.1:8888
05 Dez 2015 | 02:28:11,146 | INFO  | main | bootLogger |     | Socket Writer started (pool size:3)
05 Dez 2015 | 02:28:11,147 | INFO  | main | bootLogger |     | DatagramReader started
05 Dez 2015 | 02:28:11,147 | INFO  | Scheduler1-thread-1 | bootLogger |     | Scheduler started: scheduler
05 Dez 2015 | 02:28:11,148 | INFO  | main | bootLogger |     | Security Manager started
05 Dez 2015 | 02:28:11,151 | INFO  | main | bootLogger |     | [[[ ===--- Boot sequence complete ---=== ]]]
