05 Dez 2015 | 01:37:55,496 | INFO  | main | bootLogger |     | SmartFoxServer 2X
05 Dez 2015 | 01:37:55,498 | INFO  | main | bootLogger |     | BitSwarmEngine version: 3.30.1 { main }
05 Dez 2015 | 01:37:55,499 | INFO  | main | bootLogger |     | System Info:
	Processor(s): 4
	VM Max. memory: 954MB
	os.name: Windows 7
	os.arch: amd64
	os.version: 6.1
	java.version: 1.7.0_21
	java.vendor: Oracle Corporation
	java.vendor.url: http://java.oracle.com/
	java.vm.specification.version: 1.7
	java.vm.version: 23.21-b01
	java.vm.vendor: Oracle Corporation
	java.vm.name: Java HotSpot(TM) 64-Bit Server VM
	java.io.tmpdir: C:\Users\Thomas\AppData\Local\Temp\
	Default charset: UTF-8

05 Dez 2015 | 01:37:55,536 | INFO  | main | bootLogger |     | Network Info:
	Card: Software Loopback Interface 1
		 ->127.0.0.1
		 ->0:0:0:0:0:0:0:1
	Card: WAN Miniport (SSTP)
	Card: WAN Miniport (L2TP)
	Card: WAN Miniport (PPTP)
	Card: WAN Miniport (PPPOE)
	Card: WAN Miniport (IPv6)
	Card: WAN Miniport (Network Monitor)
	Card: WAN Miniport (IP)
	Card: RAS Async Adapter
	Card: WAN Miniport (IKEv2)
	Card: Realtek RTL8168D/8111D Family PCI-E Gigabit Ethernet NIC (NDIS 6.20)
		 ->192.168.1.4
		 ->fe80:0:0:0:f8f2:3254:d8a1:9706%11
	Card: Microsoft-ISATAP-Adapter
		 ->fe80:0:0:0:0:5efe:c0a8:104%12
	Card: Cisco AnyConnect Secure Mobility Client Virtual Miniport Adapter for Windows x64
	Card: Microsoft-ISATAP-Adapter #2
	Card: Realtek RTL8168D/8111D Family PCI-E Gigabit Ethernet NIC (NDIS 6.20)-QoS Packet Scheduler-0000
	Card: Realtek RTL8168D/8111D Family PCI-E Gigabit Ethernet NIC (NDIS 6.20)-WFP LightWeight Filter-0000
	Card: WAN Miniport (Network Monitor)-QoS Packet Scheduler-0000
	Card: WAN Miniport (IP)-QoS Packet Scheduler-0000
	Card: WAN Miniport (IPv6)-QoS Packet Scheduler-0000

05 Dez 2015 | 01:37:55,543 | INFO  | main | bootLogger |     | Session manager ready: com.smartfoxserver.bitswarm.sessions.DefaultSessionManager@1dc6f86d
05 Dez 2015 | 01:37:55,568 | INFO  | main | bootLogger |     | TCP Selector opened
05 Dez 2015 | 01:37:55,579 | INFO  | main | bootLogger |     | UDP Selector opened
05 Dez 2015 | 01:37:55,583 | INFO  | main | bootLogger |     | AcceptSelector opened
05 Dez 2015 | 01:37:55,590 | INFO  | main | bootLogger |     | Added bound tcp socket --> 0.0.0.0:9933
05 Dez 2015 | 01:37:55,592 | INFO  | main | bootLogger |     | Added bound udp socket --> 127.0.0.1:9933
05 Dez 2015 | 01:37:55,592 | INFO  | main | bootLogger |     | Controller started: com.smartfoxserver.v2.controllers.v290.SystemReqController 
05 Dez 2015 | 01:37:55,593 | INFO  | main | bootLogger |     | Controller started: com.smartfoxserver.v2.controllers.v290.SmasherReqController 
05 Dez 2015 | 01:37:55,593 | INFO  | main | bootLogger |     | Controller started: com.smartfoxserver.v2.controllers.v290.ExtensionReqController 
05 Dez 2015 | 01:37:55,593 | INFO  | main | bootLogger |     | IOHandler: com.smartfoxserver.v2.protocol.SFSIoHandler@2ef8e535
05 Dez 2015 | 01:37:55,593 | INFO  | main | bootLogger |     | SocketReader started
05 Dez 2015 | 01:37:55,593 | INFO  | main | bootLogger |     | SocketAcceptor initialized
05 Dez 2015 | 01:37:55,598 | INFO  | main | bootLogger |     | Socket Writer started (pool size:3)
05 Dez 2015 | 01:37:55,598 | INFO  | main | bootLogger |     | DatagramReader started
05 Dez 2015 | 01:37:55,607 | INFO  | Scheduler1-thread-1 | bootLogger |     | Scheduler started: scheduler
05 Dez 2015 | 01:37:55,608 | INFO  | main | bootLogger |     | Security Manager started
05 Dez 2015 | 01:37:55,611 | INFO  | main | bootLogger |     | [[[ ===--- Boot sequence complete ---=== ]]]
05 Dez 2015 | 01:38:08,833 | INFO  | main | bootLogger |     | SmartFoxServer 2X
05 Dez 2015 | 01:38:08,835 | INFO  | main | bootLogger |     | BitSwarmEngine version: 3.30.1 { main }
05 Dez 2015 | 01:38:08,836 | INFO  | main | bootLogger |     | System Info:
	Processor(s): 4
	VM Max. memory: 954MB
	os.name: Windows 7
	os.arch: amd64
	os.version: 6.1
	java.version: 1.7.0_21
	java.vendor: Oracle Corporation
	java.vendor.url: http://java.oracle.com/
	java.vm.specification.version: 1.7
	java.vm.version: 23.21-b01
	java.vm.vendor: Oracle Corporation
	java.vm.name: Java HotSpot(TM) 64-Bit Server VM
	java.io.tmpdir: C:\Users\Thomas\AppData\Local\Temp\
	Default charset: UTF-8

05 Dez 2015 | 01:38:08,874 | INFO  | main | bootLogger |     | Network Info:
	Card: Software Loopback Interface 1
		 ->127.0.0.1
		 ->0:0:0:0:0:0:0:1
	Card: WAN Miniport (SSTP)
	Card: WAN Miniport (L2TP)
	Card: WAN Miniport (PPTP)
	Card: WAN Miniport (PPPOE)
	Card: WAN Miniport (IPv6)
	Card: WAN Miniport (Network Monitor)
	Card: WAN Miniport (IP)
	Card: RAS Async Adapter
	Card: WAN Miniport (IKEv2)
	Card: Realtek RTL8168D/8111D Family PCI-E Gigabit Ethernet NIC (NDIS 6.20)
		 ->192.168.1.4
		 ->fe80:0:0:0:f8f2:3254:d8a1:9706%11
	Card: Microsoft-ISATAP-Adapter
		 ->fe80:0:0:0:0:5efe:c0a8:104%12
	Card: Cisco AnyConnect Secure Mobility Client Virtual Miniport Adapter for Windows x64
	Card: Microsoft-ISATAP-Adapter #2
	Card: Realtek RTL8168D/8111D Family PCI-E Gigabit Ethernet NIC (NDIS 6.20)-QoS Packet Scheduler-0000
	Card: Realtek RTL8168D/8111D Family PCI-E Gigabit Ethernet NIC (NDIS 6.20)-WFP LightWeight Filter-0000
	Card: WAN Miniport (Network Monitor)-QoS Packet Scheduler-0000
	Card: WAN Miniport (IP)-QoS Packet Scheduler-0000
	Card: WAN Miniport (IPv6)-QoS Packet Scheduler-0000

05 Dez 2015 | 01:38:08,881 | INFO  | main | bootLogger |     | Session manager ready: com.smartfoxserver.bitswarm.sessions.DefaultSessionManager@31e33295
05 Dez 2015 | 01:38:08,906 | INFO  | main | bootLogger |     | TCP Selector opened
05 Dez 2015 | 01:38:08,917 | INFO  | main | bootLogger |     | UDP Selector opened
05 Dez 2015 | 01:38:08,922 | INFO  | main | bootLogger |     | AcceptSelector opened
05 Dez 2015 | 01:38:08,928 | INFO  | main | bootLogger |     | Added bound tcp socket --> 0.0.0.0:9933
05 Dez 2015 | 01:38:08,930 | INFO  | main | bootLogger |     | Added bound udp socket --> 127.0.0.1:9933
05 Dez 2015 | 01:38:08,931 | INFO  | main | bootLogger |     | Controller started: com.smartfoxserver.v2.controllers.v290.SystemReqController 
05 Dez 2015 | 01:38:08,931 | INFO  | main | bootLogger |     | Controller started: com.smartfoxserver.v2.controllers.v290.SmasherReqController 
05 Dez 2015 | 01:38:08,931 | INFO  | main | bootLogger |     | Controller started: com.smartfoxserver.v2.controllers.v290.ExtensionReqController 
05 Dez 2015 | 01:38:08,931 | INFO  | main | bootLogger |     | IOHandler: com.smartfoxserver.v2.protocol.SFSIoHandler@2f4f069b
05 Dez 2015 | 01:38:08,931 | INFO  | main | bootLogger |     | SocketReader started
05 Dez 2015 | 01:38:08,932 | INFO  | main | bootLogger |     | SocketAcceptor initialized
05 Dez 2015 | 01:38:08,936 | INFO  | main | bootLogger |     | Socket Writer started (pool size:3)
05 Dez 2015 | 01:38:08,937 | INFO  | main | bootLogger |     | DatagramReader started
05 Dez 2015 | 01:38:08,937 | INFO  | Scheduler1-thread-1 | bootLogger |     | Scheduler started: scheduler
05 Dez 2015 | 01:38:08,946 | INFO  | main | bootLogger |     | Security Manager started
05 Dez 2015 | 01:38:08,949 | INFO  | main | bootLogger |     | [[[ ===--- Boot sequence complete ---=== ]]]
05 Dez 2015 | 01:49:03,197 | INFO  | main | bootLogger |     | SmartFoxServer 2X
05 Dez 2015 | 01:49:03,199 | INFO  | main | bootLogger |     | BitSwarmEngine version: 3.30.1 { main }
05 Dez 2015 | 01:49:03,200 | INFO  | main | bootLogger |     | System Info:
	Processor(s): 4
	VM Max. memory: 954MB
	os.name: Windows 7
	os.arch: amd64
	os.version: 6.1
	java.version: 1.7.0_21
	java.vendor: Oracle Corporation
	java.vendor.url: http://java.oracle.com/
	java.vm.specification.version: 1.7
	java.vm.version: 23.21-b01
	java.vm.vendor: Oracle Corporation
	java.vm.name: Java HotSpot(TM) 64-Bit Server VM
	java.io.tmpdir: C:\Users\Thomas\AppData\Local\Temp\
	Default charset: UTF-8

05 Dez 2015 | 01:49:03,249 | INFO  | main | bootLogger |     | Network Info:
	Card: Software Loopback Interface 1
		 ->127.0.0.1
		 ->0:0:0:0:0:0:0:1
	Card: WAN Miniport (SSTP)
	Card: WAN Miniport (L2TP)
	Card: WAN Miniport (PPTP)
	Card: WAN Miniport (PPPOE)
	Card: WAN Miniport (IPv6)
	Card: WAN Miniport (Network Monitor)
	Card: WAN Miniport (IP)
	Card: RAS Async Adapter
	Card: WAN Miniport (IKEv2)
	Card: Realtek RTL8168D/8111D Family PCI-E Gigabit Ethernet NIC (NDIS 6.20)
		 ->192.168.1.4
		 ->fe80:0:0:0:f8f2:3254:d8a1:9706%11
	Card: Microsoft-ISATAP-Adapter
		 ->fe80:0:0:0:0:5efe:c0a8:104%12
	Card: Cisco AnyConnect Secure Mobility Client Virtual Miniport Adapter for Windows x64
	Card: Microsoft-ISATAP-Adapter #2
	Card: Realtek RTL8168D/8111D Family PCI-E Gigabit Ethernet NIC (NDIS 6.20)-QoS Packet Scheduler-0000
	Card: Realtek RTL8168D/8111D Family PCI-E Gigabit Ethernet NIC (NDIS 6.20)-WFP LightWeight Filter-0000
	Card: WAN Miniport (Network Monitor)-QoS Packet Scheduler-0000
	Card: WAN Miniport (IP)-QoS Packet Scheduler-0000
	Card: WAN Miniport (IPv6)-QoS Packet Scheduler-0000

05 Dez 2015 | 01:49:03,258 | INFO  | main | bootLogger |     | Session manager ready: com.smartfoxserver.bitswarm.sessions.DefaultSessionManager@4d118948
05 Dez 2015 | 01:49:03,282 | INFO  | main | bootLogger |     | TCP Selector opened
05 Dez 2015 | 01:49:03,292 | INFO  | main | bootLogger |     | UDP Selector opened
05 Dez 2015 | 01:49:03,296 | INFO  | main | bootLogger |     | AcceptSelector opened
05 Dez 2015 | 01:49:03,303 | INFO  | main | bootLogger |     | Added bound tcp socket --> 0.0.0.0:9933
05 Dez 2015 | 01:49:03,305 | INFO  | main | bootLogger |     | Added bound udp socket --> 127.0.0.1:9933
05 Dez 2015 | 01:49:03,306 | INFO  | main | bootLogger |     | Controller started: com.smartfoxserver.v2.controllers.v290.SystemReqController 
05 Dez 2015 | 01:49:03,306 | INFO  | main | bootLogger |     | Controller started: com.smartfoxserver.v2.controllers.v290.SmasherReqController 
05 Dez 2015 | 01:49:03,306 | INFO  | main | bootLogger |     | Controller started: com.smartfoxserver.v2.controllers.v290.ExtensionReqController 
05 Dez 2015 | 01:49:03,306 | INFO  | main | bootLogger |     | IOHandler: com.smartfoxserver.v2.protocol.SFSIoHandler@27ba4174
05 Dez 2015 | 01:49:03,307 | INFO  | main | bootLogger |     | SocketReader started
05 Dez 2015 | 01:49:03,307 | INFO  | main | bootLogger |     | SocketAcceptor initialized
05 Dez 2015 | 01:49:03,383 | INFO  | main | bootLogger |     | WebSocketService started: 127.0.0.1:8888
05 Dez 2015 | 01:49:03,383 | INFO  | main | bootLogger |     | Socket Writer started (pool size:3)
05 Dez 2015 | 01:49:03,383 | INFO  | main | bootLogger |     | DatagramReader started
05 Dez 2015 | 01:49:03,384 | INFO  | Scheduler1-thread-1 | bootLogger |     | Scheduler started: scheduler
05 Dez 2015 | 01:49:03,385 | INFO  | main | bootLogger |     | Security Manager started
05 Dez 2015 | 01:49:03,388 | INFO  | main | bootLogger |     | [[[ ===--- Boot sequence complete ---=== ]]]
05 Dez 2015 | 01:49:33,744 | INFO  | main | bootLogger |     | SmartFoxServer 2X
05 Dez 2015 | 01:49:33,746 | INFO  | main | bootLogger |     | BitSwarmEngine version: 3.30.1 { main }
05 Dez 2015 | 01:49:33,747 | INFO  | main | bootLogger |     | System Info:
	Processor(s): 4
	VM Max. memory: 954MB
	os.name: Windows 7
	os.arch: amd64
	os.version: 6.1
	java.version: 1.7.0_21
	java.vendor: Oracle Corporation
	java.vendor.url: http://java.oracle.com/
	java.vm.specification.version: 1.7
	java.vm.version: 23.21-b01
	java.vm.vendor: Oracle Corporation
	java.vm.name: Java HotSpot(TM) 64-Bit Server VM
	java.io.tmpdir: C:\Users\Thomas\AppData\Local\Temp\
	Default charset: UTF-8

05 Dez 2015 | 01:49:33,785 | INFO  | main | bootLogger |     | Network Info:
	Card: Software Loopback Interface 1
		 ->127.0.0.1
		 ->0:0:0:0:0:0:0:1
	Card: WAN Miniport (SSTP)
	Card: WAN Miniport (L2TP)
	Card: WAN Miniport (PPTP)
	Card: WAN Miniport (PPPOE)
	Card: WAN Miniport (IPv6)
	Card: WAN Miniport (Network Monitor)
	Card: WAN Miniport (IP)
	Card: RAS Async Adapter
	Card: WAN Miniport (IKEv2)
	Card: Realtek RTL8168D/8111D Family PCI-E Gigabit Ethernet NIC (NDIS 6.20)
		 ->192.168.1.4
		 ->fe80:0:0:0:f8f2:3254:d8a1:9706%11
	Card: Microsoft-ISATAP-Adapter
		 ->fe80:0:0:0:0:5efe:c0a8:104%12
	Card: Cisco AnyConnect Secure Mobility Client Virtual Miniport Adapter for Windows x64
	Card: Microsoft-ISATAP-Adapter #2
	Card: Realtek RTL8168D/8111D Family PCI-E Gigabit Ethernet NIC (NDIS 6.20)-QoS Packet Scheduler-0000
	Card: Realtek RTL8168D/8111D Family PCI-E Gigabit Ethernet NIC (NDIS 6.20)-WFP LightWeight Filter-0000
	Card: WAN Miniport (Network Monitor)-QoS Packet Scheduler-0000
	Card: WAN Miniport (IP)-QoS Packet Scheduler-0000
	Card: WAN Miniport (IPv6)-QoS Packet Scheduler-0000

05 Dez 2015 | 01:49:33,793 | INFO  | main | bootLogger |     | Session manager ready: com.smartfoxserver.bitswarm.sessions.DefaultSessionManager@572f7c3
05 Dez 2015 | 01:49:33,816 | INFO  | main | bootLogger |     | TCP Selector opened
05 Dez 2015 | 01:49:33,827 | INFO  | main | bootLogger |     | UDP Selector opened
05 Dez 2015 | 01:49:33,831 | INFO  | main | bootLogger |     | AcceptSelector opened
05 Dez 2015 | 01:49:33,838 | INFO  | main | bootLogger |     | Added bound tcp socket --> 0.0.0.0:9933
05 Dez 2015 | 01:49:33,840 | INFO  | main | bootLogger |     | Added bound udp socket --> 127.0.0.1:9933
05 Dez 2015 | 01:49:33,840 | INFO  | main | bootLogger |     | Controller started: com.smartfoxserver.v2.controllers.v290.SystemReqController 
05 Dez 2015 | 01:49:33,841 | INFO  | main | bootLogger |     | Controller started: com.smartfoxserver.v2.controllers.v290.SmasherReqController 
05 Dez 2015 | 01:49:33,841 | INFO  | main | bootLogger |     | Controller started: com.smartfoxserver.v2.controllers.v290.ExtensionReqController 
05 Dez 2015 | 01:49:33,841 | INFO  | main | bootLogger |     | IOHandler: com.smartfoxserver.v2.protocol.SFSIoHandler@cb4bde2
05 Dez 2015 | 01:49:33,841 | INFO  | main | bootLogger |     | SocketReader started
05 Dez 2015 | 01:49:33,842 | INFO  | main | bootLogger |     | SocketAcceptor initialized
05 Dez 2015 | 01:49:33,920 | INFO  | main | bootLogger |     | WebSocketService started: 127.0.0.1:8888
05 Dez 2015 | 01:49:33,921 | INFO  | main | bootLogger |     | Socket Writer started (pool size:3)
05 Dez 2015 | 01:49:33,921 | INFO  | main | bootLogger |     | DatagramReader started
05 Dez 2015 | 01:49:33,921 | INFO  | Scheduler1-thread-1 | bootLogger |     | Scheduler started: scheduler
05 Dez 2015 | 01:49:33,922 | INFO  | main | bootLogger |     | Security Manager started
05 Dez 2015 | 01:49:33,925 | INFO  | main | bootLogger |     | [[[ ===--- Boot sequence complete ---=== ]]]
05 Dez 2015 | 01:51:24,263 | INFO  | main | bootLogger |     | SmartFoxServer 2X
05 Dez 2015 | 01:51:24,265 | INFO  | main | bootLogger |     | BitSwarmEngine version: 3.30.1 { main }
05 Dez 2015 | 01:51:24,266 | INFO  | main | bootLogger |     | System Info:
	Processor(s): 4
	VM Max. memory: 954MB
	os.name: Windows 7
	os.arch: amd64
	os.version: 6.1
	java.version: 1.7.0_21
	java.vendor: Oracle Corporation
	java.vendor.url: http://java.oracle.com/
	java.vm.specification.version: 1.7
	java.vm.version: 23.21-b01
	java.vm.vendor: Oracle Corporation
	java.vm.name: Java HotSpot(TM) 64-Bit Server VM
	java.io.tmpdir: C:\Users\Thomas\AppData\Local\Temp\
	Default charset: UTF-8

05 Dez 2015 | 01:51:24,303 | INFO  | main | bootLogger |     | Network Info:
	Card: Software Loopback Interface 1
		 ->127.0.0.1
		 ->0:0:0:0:0:0:0:1
	Card: WAN Miniport (SSTP)
	Card: WAN Miniport (L2TP)
	Card: WAN Miniport (PPTP)
	Card: WAN Miniport (PPPOE)
	Card: WAN Miniport (IPv6)
	Card: WAN Miniport (Network Monitor)
	Card: WAN Miniport (IP)
	Card: RAS Async Adapter
	Card: WAN Miniport (IKEv2)
	Card: Realtek RTL8168D/8111D Family PCI-E Gigabit Ethernet NIC (NDIS 6.20)
		 ->192.168.1.4
		 ->fe80:0:0:0:f8f2:3254:d8a1:9706%11
	Card: Microsoft-ISATAP-Adapter
		 ->fe80:0:0:0:0:5efe:c0a8:104%12
	Card: Cisco AnyConnect Secure Mobility Client Virtual Miniport Adapter for Windows x64
	Card: Microsoft-ISATAP-Adapter #2
	Card: Realtek RTL8168D/8111D Family PCI-E Gigabit Ethernet NIC (NDIS 6.20)-QoS Packet Scheduler-0000
	Card: Realtek RTL8168D/8111D Family PCI-E Gigabit Ethernet NIC (NDIS 6.20)-WFP LightWeight Filter-0000
	Card: WAN Miniport (Network Monitor)-QoS Packet Scheduler-0000
	Card: WAN Miniport (IP)-QoS Packet Scheduler-0000
	Card: WAN Miniport (IPv6)-QoS Packet Scheduler-0000

05 Dez 2015 | 01:51:24,310 | INFO  | main | bootLogger |     | Session manager ready: com.smartfoxserver.bitswarm.sessions.DefaultSessionManager@3ee82600
05 Dez 2015 | 01:51:24,334 | INFO  | main | bootLogger |     | TCP Selector opened
05 Dez 2015 | 01:51:24,344 | INFO  | main | bootLogger |     | UDP Selector opened
05 Dez 2015 | 01:51:24,348 | INFO  | main | bootLogger |     | AcceptSelector opened
05 Dez 2015 | 01:51:24,355 | INFO  | main | bootLogger |     | Added bound tcp socket --> 0.0.0.0:9933
05 Dez 2015 | 01:51:24,358 | INFO  | main | bootLogger |     | Added bound udp socket --> 127.0.0.1:9933
05 Dez 2015 | 01:51:24,358 | INFO  | main | bootLogger |     | Controller started: com.smartfoxserver.v2.controllers.v290.SystemReqController 
05 Dez 2015 | 01:51:24,358 | INFO  | main | bootLogger |     | Controller started: com.smartfoxserver.v2.controllers.v290.SmasherReqController 
05 Dez 2015 | 01:51:24,358 | INFO  | main | bootLogger |     | Controller started: com.smartfoxserver.v2.controllers.v290.ExtensionReqController 
05 Dez 2015 | 01:51:24,359 | INFO  | main | bootLogger |     | IOHandler: com.smartfoxserver.v2.protocol.SFSIoHandler@2e1e46f2
05 Dez 2015 | 01:51:24,359 | INFO  | main | bootLogger |     | SocketReader started
05 Dez 2015 | 01:51:24,359 | INFO  | main | bootLogger |     | SocketAcceptor initialized
05 Dez 2015 | 01:51:24,437 | INFO  | main | bootLogger |     | WebSocketService started: 127.0.0.1:8888
05 Dez 2015 | 01:51:24,438 | INFO  | main | bootLogger |     | Socket Writer started (pool size:3)
05 Dez 2015 | 01:51:24,438 | INFO  | main | bootLogger |     | DatagramReader started
05 Dez 2015 | 01:51:24,439 | INFO  | Scheduler1-thread-1 | bootLogger |     | Scheduler started: scheduler
05 Dez 2015 | 01:51:24,440 | INFO  | main | bootLogger |     | Security Manager started
05 Dez 2015 | 01:51:24,443 | INFO  | main | bootLogger |     | [[[ ===--- Boot sequence complete ---=== ]]]
05 Dez 2015 | 02:41:53,870 | INFO  | main | bootLogger |     | SmartFoxServer 2X
05 Dez 2015 | 02:41:53,870 | INFO  | main | bootLogger |     | BitSwarmEngine version: 3.30.1 { main }
05 Dez 2015 | 02:41:53,870 | INFO  | main | bootLogger |     | System Info:
	Processor(s): 4
	VM Max. memory: 1888MB
	os.name: Windows 8
	os.arch: amd64
	os.version: 6.2
	java.version: 1.7.0_21
	java.vendor: Oracle Corporation
	java.vendor.url: http://java.oracle.com/
	java.vm.specification.version: 1.7
	java.vm.version: 23.21-b01
	java.vm.vendor: Oracle Corporation
	java.vm.name: Java HotSpot(TM) 64-Bit Server VM
	java.io.tmpdir: C:\Users\Thoma\AppData\Local\Temp\
	Default charset: UTF-8

05 Dez 2015 | 02:41:53,902 | INFO  | main | bootLogger |     | Network Info:
	Card: Software Loopback Interface 1
		 ->127.0.0.1
		 ->0:0:0:0:0:0:0:1
	Card: Cisco AnyConnect Secure Mobility Client Virtual Miniport Adapter for Windows x64
	Card: Bluetooth Device (Personal Area Network)
		 ->fe80:0:0:0:6d02:2a20:84e7:58d3%3
	Card: Microsoft Kernel Debug Network Adapter
	Card: Intel(R) Dual Band Wireless-AC 7260
		 ->192.168.1.2
	Card: Bluetooth Device (RFCOMM Protocol TDI)
	Card: Microsoft 6to4 Adapter
	Card: Microsoft Teredo Tunneling Adapter
		 ->2001:0:9d38:6abd:1cd1:3a0e:b24e:eab0
		 ->fe80:0:0:0:1cd1:3a0e:b24e:eab0%8
	Card: Microsoft Wi-Fi Direct Virtual Adapter
		 ->fe80:0:0:0:1e7:ed53:c243:53bb%9
	Card: Microsoft ISATAP Adapter
	Card: Microsoft ISATAP Adapter #2
		 ->fe80:0:0:0:0:5efe:c0a8:102%11
	Card: Intel(R) Ethernet Connection I218-LM
		 ->fe80:0:0:0:3c23:91cf:2a1b:d789%12
	Card: Intel(R) Ethernet Connection I218-LM-WFP Native MAC Layer LightWeight Filter-0000
	Card: Intel(R) Ethernet Connection I218-LM-QoS Packet Scheduler-0000
	Card: Intel(R) Ethernet Connection I218-LM-WFP 802.3 MAC Layer LightWeight Filter-0000
	Card: Intel(R) Dual Band Wireless-AC 7260-WFP Native MAC Layer LightWeight Filter-0000
	Card: Intel(R) Dual Band Wireless-AC 7260-Virtual WiFi Filter Driver-0000
	Card: Intel(R) Dual Band Wireless-AC 7260-Native WiFi Filter Driver-0000
	Card: Intel(R) Dual Band Wireless-AC 7260-QoS Packet Scheduler-0000
	Card: Intel(R) Dual Band Wireless-AC 7260-WFP 802.3 MAC Layer LightWeight Filter-0000
	Card: Microsoft Wi-Fi Direct Virtual Adapter-WFP Native MAC Layer LightWeight Filter-0000
	Card: Microsoft Wi-Fi Direct Virtual Adapter-Native WiFi Filter Driver-0000
	Card: Microsoft Wi-Fi Direct Virtual Adapter-QoS Packet Scheduler-0000
	Card: Microsoft Wi-Fi Direct Virtual Adapter-WFP 802.3 MAC Layer LightWeight Filter-0000

05 Dez 2015 | 02:41:53,917 | INFO  | main | bootLogger |     | Session manager ready: com.smartfoxserver.bitswarm.sessions.DefaultSessionManager@5237118b
05 Dez 2015 | 02:41:53,933 | INFO  | main | bootLogger |     | TCP Selector opened
05 Dez 2015 | 02:41:53,949 | INFO  | main | bootLogger |     | UDP Selector opened
05 Dez 2015 | 02:41:53,949 | INFO  | main | bootLogger |     | AcceptSelector opened
05 Dez 2015 | 02:41:53,949 | INFO  | main | bootLogger |     | Added bound tcp socket --> 0.0.0.0:9933
05 Dez 2015 | 02:41:53,949 | INFO  | main | bootLogger |     | Added bound udp socket --> 127.0.0.1:9933
05 Dez 2015 | 02:41:53,949 | INFO  | main | bootLogger |     | Controller started: com.smartfoxserver.v2.controllers.v290.SystemReqController 
05 Dez 2015 | 02:41:53,949 | INFO  | main | bootLogger |     | Controller started: com.smartfoxserver.v2.controllers.v290.SmasherReqController 
05 Dez 2015 | 02:41:53,949 | INFO  | main | bootLogger |     | Controller started: com.smartfoxserver.v2.controllers.v290.ExtensionReqController 
05 Dez 2015 | 02:41:53,964 | INFO  | main | bootLogger |     | IOHandler: com.smartfoxserver.v2.protocol.SFSIoHandler@2a26263c
05 Dez 2015 | 02:41:53,964 | INFO  | main | bootLogger |     | SocketReader started
05 Dez 2015 | 02:41:53,964 | INFO  | main | bootLogger |     | SocketAcceptor initialized
05 Dez 2015 | 02:41:54,080 | INFO  | main | bootLogger |     | WebSocketService started: 127.0.0.1:8888
05 Dez 2015 | 02:41:54,082 | INFO  | main | bootLogger |     | Socket Writer started (pool size:3)
05 Dez 2015 | 02:41:54,082 | INFO  | main | bootLogger |     | DatagramReader started
05 Dez 2015 | 02:41:54,082 | INFO  | Scheduler1-thread-1 | bootLogger |     | Scheduler started: scheduler
05 Dez 2015 | 02:41:54,086 | INFO  | main | bootLogger |     | Security Manager started
05 Dez 2015 | 02:41:54,100 | INFO  | main | bootLogger |     | [[[ ===--- Boot sequence complete ---=== ]]]
