0:0:0:0:0:0:0:1 -  -  [06/Dez/2015:01:56:33 +0000] "GET /admin/ HTTP/1.1" 200 5560 
0:0:0:0:0:0:0:1 -  -  [06/Dez/2015:01:56:33 +0000] "GET /admin/swfobject.js HTTP/1.1" 200 25574 
0:0:0:0:0:0:0:1 -  -  [06/Dez/2015:01:56:34 +0000] "GET /admin/AdminTool.swf?v=1.5.0 HTTP/1.1" 200 656451 
0:0:0:0:0:0:0:1 -  -  [06/Dez/2015:01:56:35 +0000] "GET /admin/modules/config.xml?v=1.5.0 HTTP/1.1" 200 1442 
0:0:0:0:0:0:0:1 -  -  [06/Dez/2015:01:56:40 +0000] "GET /admin/modules/Dashboard/icon.png HTTP/1.1" 200 5792 
0:0:0:0:0:0:0:1 -  -  [06/Dez/2015:01:56:40 +0000] "GET /admin/modules/BlueBoxMonitor/icon.png HTTP/1.1" 200 3659 
0:0:0:0:0:0:0:1 -  -  [06/Dez/2015:01:56:40 +0000] "GET /admin/modules/BanManager/icon.png HTTP/1.1" 200 3386 
0:0:0:0:0:0:0:1 -  -  [06/Dez/2015:01:56:40 +0000] "GET /admin/modules/Dashboard/Dashboard.swf?v=1.5.0 HTTP/1.1" 200 185924 
0:0:0:0:0:0:0:1 -  -  [06/Dez/2015:01:56:40 +0000] "GET /admin/modules/ExtensionManager/icon.png HTTP/1.1" 200 5558 
0:0:0:0:0:0:0:1 -  -  [06/Dez/2015:01:56:40 +0000] "GET /admin/modules/ServerConfigurator/icon.png HTTP/1.1" 200 2608 
0:0:0:0:0:0:0:1 -  -  [06/Dez/2015:01:56:40 +0000] "GET /admin/modules/Analytics/icon.png HTTP/1.1" 200 3467 
0:0:0:0:0:0:0:1 -  -  [06/Dez/2015:01:56:40 +0000] "GET /admin/modules/ZoneConfigurator/icon.png HTTP/1.1" 200 1947 
0:0:0:0:0:0:0:1 -  -  [06/Dez/2015:01:56:40 +0000] "GET /admin/modules/LogViewer/icon.png HTTP/1.1" 200 4141 
0:0:0:0:0:0:0:1 -  -  [06/Dez/2015:01:56:40 +0000] "GET /admin/modules/ZoneMonitor/icon.png HTTP/1.1" 200 3290 
0:0:0:0:0:0:0:1 -  -  [06/Dez/2015:01:56:41 +0000] "GET /admin/modules/LicenseManager/icon.png HTTP/1.1" 200 1555 
0:0:0:0:0:0:0:1 -  -  [06/Dez/2015:01:56:45 +0000] "GET /admin/modules/ZoneConfigurator/ZoneConfigurator.swf?v=1.5.0 HTTP/1.1" 200 97113 
0:0:0:0:0:0:0:1 -  -  [06/Dez/2015:01:56:48 +0000] "GET /admin/assets/icons/tabs/general.png HTTP/1.1" 200 947 
0:0:0:0:0:0:0:1 -  -  [06/Dez/2015:01:56:48 +0000] "GET /admin/assets/icons/tabs/zoneExtension.png HTTP/1.1" 200 737 
0:0:0:0:0:0:0:1 -  -  [06/Dez/2015:01:56:48 +0000] "GET /admin/assets/icons/tabs/wordsFilter.png HTTP/1.1" 200 790 
0:0:0:0:0:0:0:1 -  -  [06/Dez/2015:01:56:48 +0000] "GET /admin/assets/icons/tabs/databaseManager.png HTTP/1.1" 200 677 
0:0:0:0:0:0:0:1 -  -  [06/Dez/2015:01:56:48 +0000] "GET /admin/assets/icons/tabs/floodFilter.png HTTP/1.1" 200 827 
0:0:0:0:0:0:0:1 -  -  [06/Dez/2015:01:56:48 +0000] "GET /admin/assets/icons/tabs/buddyList.png HTTP/1.1" 200 850 
0:0:0:0:0:0:0:1 -  -  [06/Dez/2015:01:56:48 +0000] "GET /admin/assets/icons/tabs/advanced.png HTTP/1.1" 200 874 
0:0:0:0:0:0:0:1 -  -  [06/Dez/2015:01:56:48 +0000] "GET /admin/assets/icons/tabs/privilegeManager.png HTTP/1.1" 200 666 
0:0:0:0:0:0:0:1 -  -  [06/Dez/2015:01:56:51 +0000] "GET /admin/assets/icons/tabs/permissionsAndEvents.png HTTP/1.1" 200 616 
0:0:0:0:0:0:0:1 -  -  [06/Dez/2015:01:56:51 +0000] "GET /admin/assets/icons/tabs/roomVariables.png HTTP/1.1" 200 879 
0:0:0:0:0:0:0:1 -  -  [06/Dez/2015:01:56:51 +0000] "GET /admin/assets/icons/tabs/roomExtension.png HTTP/1.1" 200 737 
0:0:0:0:0:0:0:1 -  -  [06/Dez/2015:01:56:51 +0000] "GET /admin/assets/icons/tabs/mMOSettings.png HTTP/1.1" 200 793 
0:0:0:0:0:0:0:1 -  -  [06/Dez/2015:12:43:11 +0000] "GET /admin/ HTTP/1.1" 304 - 
0:0:0:0:0:0:0:1 -  -  [06/Dez/2015:12:43:11 +0000] "GET /admin/swfobject.js HTTP/1.1" 304 - 
0:0:0:0:0:0:0:1 -  -  [06/Dez/2015:12:43:11 +0000] "GET /admin/AdminTool.swf?v=1.5.0 HTTP/1.1" 304 - 
0:0:0:0:0:0:0:1 -  -  [06/Dez/2015:12:43:11 +0000] "GET /favicon.ico HTTP/1.1" 200 1150 
192.168.1.4 -  -  [06/Dez/2015:21:43:54 +0000] "GET / HTTP/1.1" 200 4021 
192.168.1.4 -  -  [06/Dez/2015:21:43:54 +0000] "GET /HNAP1/ HTTP/1.1" 404 295 
fe80:0:0:0:f8f2:3254:d8a1:9706%11 -  -  [06/Dez/2015:21:43:56 +0000] "GET / HTTP/1.1" 200 4021 
fe80:0:0:0:f8f2:3254:d8a1:9706%11 -  -  [06/Dez/2015:21:43:56 +0000] "GET /HNAP1/ HTTP/1.1" 404 295 
