192.168.1.2 -  -  [17/Dez/2015:05:23:27 +0000] "GET / HTTP/1.1" 200 4021 
192.168.1.2 -  -  [17/Dez/2015:05:23:27 +0000] "GET /HNAP1/ HTTP/1.1" 404 295 
fe80:0:0:0:f8f2:3254:d8a1:9706%11 -  -  [17/Dez/2015:05:23:29 +0000] "GET / HTTP/1.1" 200 4021 
fe80:0:0:0:f8f2:3254:d8a1:9706%11 -  -  [17/Dez/2015:05:23:29 +0000] "GET /HNAP1/ HTTP/1.1" 404 295 
134.155.136.226 -  -  [17/Dez/2015:09:37:14 +0000] "GET / HTTP/1.1" 200 4021 
134.155.136.226 -  -  [17/Dez/2015:09:37:14 +0000] "GET /HNAP1/ HTTP/1.1" 404 295 
192.168.1.2 -  -  [17/Dez/2015:09:37:17 +0000] "GET / HTTP/1.1" 200 4021 
192.168.1.2 -  -  [17/Dez/2015:09:37:17 +0000] "GET /HNAP1/ HTTP/1.1" 404 295 
0:0:0:0:0:0:0:1 -  -  [17/Dez/2015:15:53:07 +0000] "GET /admin/ HTTP/1.1" 200 5560 
0:0:0:0:0:0:0:1 -  -  [17/Dez/2015:15:53:07 +0000] "GET /admin/swfobject.js HTTP/1.1" 200 25574 
0:0:0:0:0:0:0:1 -  -  [17/Dez/2015:15:53:08 +0000] "GET /admin/AdminTool.swf?v=1.5.0 HTTP/1.1" 200 656451 
0:0:0:0:0:0:0:1 -  -  [17/Dez/2015:15:53:08 +0000] "GET /favicon.ico HTTP/1.1" 200 1150 
0:0:0:0:0:0:0:1 -  -  [17/Dez/2015:15:53:09 +0000] "GET /admin/modules/config.xml?v=1.5.0 HTTP/1.1" 200 1442 
0:0:0:0:0:0:0:1 -  -  [17/Dez/2015:15:53:16 +0000] "GET /admin/modules/Dashboard/icon.png HTTP/1.1" 200 5792 
0:0:0:0:0:0:0:1 -  -  [17/Dez/2015:15:53:16 +0000] "GET /admin/modules/ZoneMonitor/icon.png HTTP/1.1" 200 3290 
0:0:0:0:0:0:0:1 -  -  [17/Dez/2015:15:53:16 +0000] "GET /admin/modules/LogViewer/icon.png HTTP/1.1" 200 4141 
0:0:0:0:0:0:0:1 -  -  [17/Dez/2015:15:53:16 +0000] "GET /admin/modules/BanManager/icon.png HTTP/1.1" 200 3386 
0:0:0:0:0:0:0:1 -  -  [17/Dez/2015:15:53:16 +0000] "GET /admin/modules/Dashboard/Dashboard.swf?v=1.5.0 HTTP/1.1" 200 185924 
0:0:0:0:0:0:0:1 -  -  [17/Dez/2015:15:53:16 +0000] "GET /admin/modules/ServerConfigurator/icon.png HTTP/1.1" 200 2608 
0:0:0:0:0:0:0:1 -  -  [17/Dez/2015:15:53:16 +0000] "GET /admin/modules/Analytics/icon.png HTTP/1.1" 200 3467 
0:0:0:0:0:0:0:1 -  -  [17/Dez/2015:15:53:16 +0000] "GET /admin/modules/BlueBoxMonitor/icon.png HTTP/1.1" 200 3659 
0:0:0:0:0:0:0:1 -  -  [17/Dez/2015:15:53:16 +0000] "GET /admin/modules/ZoneConfigurator/icon.png HTTP/1.1" 200 1947 
0:0:0:0:0:0:0:1 -  -  [17/Dez/2015:15:53:16 +0000] "GET /admin/modules/ExtensionManager/icon.png HTTP/1.1" 200 5558 
0:0:0:0:0:0:0:1 -  -  [17/Dez/2015:15:53:17 +0000] "GET /admin/modules/LicenseManager/icon.png HTTP/1.1" 200 1555 
0:0:0:0:0:0:0:1 -  -  [17/Dez/2015:15:53:21 +0000] "GET /admin/modules/ZoneConfigurator/ZoneConfigurator.swf?v=1.5.0 HTTP/1.1" 200 97113 
0:0:0:0:0:0:0:1 -  -  [17/Dez/2015:15:53:23 +0000] "GET /admin/assets/icons/tabs/floodFilter.png HTTP/1.1" 200 827 
0:0:0:0:0:0:0:1 -  -  [17/Dez/2015:15:53:23 +0000] "GET /admin/assets/icons/tabs/databaseManager.png HTTP/1.1" 200 677 
0:0:0:0:0:0:0:1 -  -  [17/Dez/2015:15:53:23 +0000] "GET /admin/assets/icons/tabs/wordsFilter.png HTTP/1.1" 200 790 
0:0:0:0:0:0:0:1 -  -  [17/Dez/2015:15:53:23 +0000] "GET /admin/assets/icons/tabs/general.png HTTP/1.1" 200 947 
0:0:0:0:0:0:0:1 -  -  [17/Dez/2015:15:53:23 +0000] "GET /admin/assets/icons/tabs/zoneExtension.png HTTP/1.1" 200 737 
0:0:0:0:0:0:0:1 -  -  [17/Dez/2015:15:53:23 +0000] "GET /admin/assets/icons/tabs/buddyList.png HTTP/1.1" 200 850 
0:0:0:0:0:0:0:1 -  -  [17/Dez/2015:15:53:23 +0000] "GET /admin/assets/icons/tabs/advanced.png HTTP/1.1" 200 874 
0:0:0:0:0:0:0:1 -  -  [17/Dez/2015:15:53:23 +0000] "GET /admin/assets/icons/tabs/privilegeManager.png HTTP/1.1" 200 666 
0:0:0:0:0:0:0:1 -  -  [17/Dez/2015:15:53:44 +0000] "GET /admin/ HTTP/1.1" 304 - 
0:0:0:0:0:0:0:1 -  -  [17/Dez/2015:15:53:44 +0000] "GET /admin/swfobject.js HTTP/1.1" 304 - 
0:0:0:0:0:0:0:1 -  -  [17/Dez/2015:15:53:45 +0000] "GET /admin/AdminTool.swf?v=1.5.0 HTTP/1.1" 304 - 
0:0:0:0:0:0:0:1 -  -  [17/Dez/2015:15:53:45 +0000] "GET /favicon.ico HTTP/1.1" 200 1150 
0:0:0:0:0:0:0:1 -  -  [17/Dez/2015:15:54:45 +0000] "GET /admin/modules/ZoneMonitor/ZoneMonitor.swf?v=1.5.0 HTTP/1.1" 200 542631 
0:0:0:0:0:0:0:1 -  -  [17/Dez/2015:15:57:10 +0000] "GET /admin/modules/BlueBoxMonitor/BlueBoxMonitor.swf?v=1.5.0 HTTP/1.1" 200 48157 
0:0:0:0:0:0:0:1 -  -  [17/Dez/2015:16:05:45 +0000] "GET /admin/modules/LogViewer/LogViewer.swf?v=1.5.0 HTTP/1.1" 200 321346 
