0:0:0:0:0:0:0:1 -  -  [05/Dez/2015:00:38:17 +0000] "GET /admin/ HTTP/1.1" 304 - 
0:0:0:0:0:0:0:1 -  -  [05/Dez/2015:00:38:17 +0000] "GET /admin/swfobject.js HTTP/1.1" 304 - 
0:0:0:0:0:0:0:1 -  -  [05/Dez/2015:00:38:17 +0000] "GET /admin/AdminTool.swf?v=1.5.0 HTTP/1.1" 304 - 
0:0:0:0:0:0:0:1 -  -  [05/Dez/2015:00:38:18 +0000] "GET /favicon.ico HTTP/1.1" 200 1150 
0:0:0:0:0:0:0:1 -  -  [05/Dez/2015:00:50:00 +0000] "GET /admin/ HTTP/1.1" 304 - 
0:0:0:0:0:0:0:1 -  -  [05/Dez/2015:00:50:00 +0000] "GET /admin/swfobject.js HTTP/1.1" 304 - 
0:0:0:0:0:0:0:1 -  -  [05/Dez/2015:00:50:00 +0000] "GET /admin/AdminTool.swf?v=1.5.0 HTTP/1.1" 304 - 
0:0:0:0:0:0:0:1 -  -  [05/Dez/2015:00:50:01 +0000] "GET /favicon.ico HTTP/1.1" 200 1150 
0:0:0:0:0:0:0:1 -  -  [05/Dez/2015:01:17:57 +0000] "GET /admin/ HTTP/1.1" 304 - 
0:0:0:0:0:0:0:1 -  -  [05/Dez/2015:01:17:57 +0000] "GET /admin/swfobject.js HTTP/1.1" 304 - 
0:0:0:0:0:0:0:1 -  -  [05/Dez/2015:01:17:57 +0000] "GET /admin/AdminTool.swf?v=1.5.0 HTTP/1.1" 304 - 
0:0:0:0:0:0:0:1 -  -  [05/Dez/2015:01:17:57 +0000] "GET /favicon.ico HTTP/1.1" 200 1150 
0:0:0:0:0:0:0:1 -  -  [05/Dez/2015:01:18:06 +0000] "GET /admin/modules/ExtensionManager/ExtensionManager.swf?v=1.5.0 HTTP/1.1" 200 170424 
0:0:0:0:0:0:0:1 -  -  [05/Dez/2015:02:29:59 +0000] "GET /admin/ HTTP/1.1" 200 5560 
0:0:0:0:0:0:0:1 -  -  [05/Dez/2015:02:29:59 +0000] "GET /admin/swfobject.js HTTP/1.1" 200 25574 
0:0:0:0:0:0:0:1 -  -  [05/Dez/2015:02:29:59 +0000] "GET /admin/AdminTool.swf?v=1.5.0 HTTP/1.1" 200 656451 
0:0:0:0:0:0:0:1 -  -  [05/Dez/2015:02:29:59 +0000] "GET /favicon.ico HTTP/1.1" 200 1150 
0:0:0:0:0:0:0:1 -  -  [05/Dez/2015:02:54:55 +0000] "GET /admin/modules/config.xml?v=1.5.0 HTTP/1.1" 200 1442 
0:0:0:0:0:0:0:1 -  -  [05/Dez/2015:02:55:00 +0000] "GET /admin/modules/ZoneMonitor/icon.png HTTP/1.1" 200 3290 
0:0:0:0:0:0:0:1 -  -  [05/Dez/2015:02:55:00 +0000] "GET /admin/modules/ExtensionManager/icon.png HTTP/1.1" 200 5558 
0:0:0:0:0:0:0:1 -  -  [05/Dez/2015:02:55:00 +0000] "GET /admin/modules/BlueBoxMonitor/icon.png HTTP/1.1" 200 3659 
0:0:0:0:0:0:0:1 -  -  [05/Dez/2015:02:55:00 +0000] "GET /admin/modules/Dashboard/icon.png HTTP/1.1" 200 5792 
0:0:0:0:0:0:0:1 -  -  [05/Dez/2015:02:55:00 +0000] "GET /admin/modules/Dashboard/Dashboard.swf?v=1.5.0 HTTP/1.1" 200 185924 
0:0:0:0:0:0:0:1 -  -  [05/Dez/2015:02:55:00 +0000] "GET /admin/modules/LogViewer/icon.png HTTP/1.1" 200 4141 
0:0:0:0:0:0:0:1 -  -  [05/Dez/2015:02:55:00 +0000] "GET /admin/modules/BanManager/icon.png HTTP/1.1" 200 3386 
0:0:0:0:0:0:0:1 -  -  [05/Dez/2015:02:55:00 +0000] "GET /admin/modules/ServerConfigurator/icon.png HTTP/1.1" 200 2608 
0:0:0:0:0:0:0:1 -  -  [05/Dez/2015:02:55:00 +0000] "GET /admin/modules/ZoneConfigurator/icon.png HTTP/1.1" 200 1947 
0:0:0:0:0:0:0:1 -  -  [05/Dez/2015:02:55:00 +0000] "GET /admin/modules/Analytics/icon.png HTTP/1.1" 200 3467 
0:0:0:0:0:0:0:1 -  -  [05/Dez/2015:02:55:01 +0000] "GET /admin/modules/LicenseManager/icon.png HTTP/1.1" 200 1555 
0:0:0:0:0:0:0:1 -  -  [05/Dez/2015:02:55:08 +0000] "GET /admin/modules/ZoneConfigurator/ZoneConfigurator.swf?v=1.5.0 HTTP/1.1" 200 97113 
0:0:0:0:0:0:0:1 -  -  [05/Dez/2015:02:55:12 +0000] "GET /admin/assets/icons/tabs/general.png HTTP/1.1" 200 947 
0:0:0:0:0:0:0:1 -  -  [05/Dez/2015:02:55:12 +0000] "GET /admin/assets/icons/tabs/floodFilter.png HTTP/1.1" 200 827 
0:0:0:0:0:0:0:1 -  -  [05/Dez/2015:02:55:12 +0000] "GET /admin/assets/icons/tabs/wordsFilter.png HTTP/1.1" 200 790 
0:0:0:0:0:0:0:1 -  -  [05/Dez/2015:02:55:12 +0000] "GET /admin/assets/icons/tabs/zoneExtension.png HTTP/1.1" 200 737 
0:0:0:0:0:0:0:1 -  -  [05/Dez/2015:02:55:12 +0000] "GET /admin/assets/icons/tabs/databaseManager.png HTTP/1.1" 200 677 
0:0:0:0:0:0:0:1 -  -  [05/Dez/2015:02:55:12 +0000] "GET /admin/assets/icons/tabs/advanced.png HTTP/1.1" 200 874 
0:0:0:0:0:0:0:1 -  -  [05/Dez/2015:02:55:12 +0000] "GET /admin/assets/icons/tabs/buddyList.png HTTP/1.1" 200 850 
0:0:0:0:0:0:0:1 -  -  [05/Dez/2015:02:55:12 +0000] "GET /admin/assets/icons/tabs/privilegeManager.png HTTP/1.1" 200 666 
0:0:0:0:0:0:0:1 -  -  [05/Dez/2015:02:55:18 +0000] "GET /admin/assets/icons/tabs/permissionsAndEvents.png HTTP/1.1" 200 616 
0:0:0:0:0:0:0:1 -  -  [05/Dez/2015:02:55:18 +0000] "GET /admin/assets/icons/tabs/roomVariables.png HTTP/1.1" 200 879 
0:0:0:0:0:0:0:1 -  -  [05/Dez/2015:02:55:18 +0000] "GET /admin/assets/icons/tabs/mMOSettings.png HTTP/1.1" 200 793 
0:0:0:0:0:0:0:1 -  -  [05/Dez/2015:02:55:18 +0000] "GET /admin/assets/icons/tabs/roomExtension.png HTTP/1.1" 200 737 
0:0:0:0:0:0:0:1 -  -  [05/Dez/2015:02:55:29 +0000] "GET /admin/modules/ServerConfigurator/ServerConfigurator.swf?v=1.5.0 HTTP/1.1" 200 88111 
0:0:0:0:0:0:0:1 -  -  [05/Dez/2015:02:55:30 +0000] "GET /admin/assets/icons/tabs/hTML5WebSockets.png HTTP/1.1" 200 993 
0:0:0:0:0:0:0:1 -  -  [05/Dez/2015:02:55:30 +0000] "GET /admin/assets/icons/tabs/adobeFlashPlayer.png HTTP/1.1" 200 823 
0:0:0:0:0:0:0:1 -  -  [05/Dez/2015:02:55:30 +0000] "GET /admin/assets/icons/tabs/iPFilter.png HTTP/1.1" 200 571 
0:0:0:0:0:0:0:1 -  -  [05/Dez/2015:02:55:30 +0000] "GET /admin/assets/icons/tabs/webServer.png HTTP/1.1" 200 467 
0:0:0:0:0:0:0:1 -  -  [05/Dez/2015:02:55:30 +0000] "GET /admin/assets/icons/tabs/mailer.png HTTP/1.1" 200 725 
0:0:0:0:0:0:0:1 -  -  [05/Dez/2015:02:55:30 +0000] "GET /admin/assets/icons/tabs/analytics.png HTTP/1.1" 200 827 
0:0:0:0:0:0:0:1 -  -  [05/Dez/2015:02:55:30 +0000] "GET /admin/assets/icons/tabs/jVMSettings.png HTTP/1.1" 200 685 
0:0:0:0:0:0:0:1 -  -  [05/Dez/2015:02:55:30 +0000] "GET /admin/assets/icons/tabs/banManager.png HTTP/1.1" 200 1003 
0:0:0:0:0:0:0:1 -  -  [05/Dez/2015:02:55:30 +0000] "GET /admin/assets/icons/tabs/threadPools.png HTTP/1.1" 200 1108 
0:0:0:0:0:0:0:1 -  -  [05/Dez/2015:02:55:30 +0000] "GET /admin/assets/icons/tabs/remoteAdmin.png HTTP/1.1" 200 872 
0:0:0:0:0:0:0:1 -  -  [05/Dez/2015:15:40:56 +0000] "GET /admin/modules/ExtensionManager/ExtensionManager.swf?v=1.5.0 HTTP/1.1" 200 170424 
192.168.1.4 -  -  [05/Dez/2015:20:07:00 +0000] "GET / HTTP/1.1" 200 4021 
192.168.1.4 -  -  [05/Dez/2015:20:07:00 +0000] "GET /HNAP1/ HTTP/1.1" 404 295 
fe80:0:0:0:f8f2:3254:d8a1:9706%11 -  -  [05/Dez/2015:20:07:03 +0000] "GET / HTTP/1.1" 200 4021 
fe80:0:0:0:f8f2:3254:d8a1:9706%11 -  -  [05/Dez/2015:20:07:03 +0000] "GET /HNAP1/ HTTP/1.1" 404 295 
