31 Jan 2016 | 13:00:07,055 | INFO  | SocketReader | bitswarm.sessions.DefaultSessionManager |     | Session removed: { Id: 2, Type: DEFAULT, Logged: No, IP: 0 }
31 Jan 2016 | 13:00:12,479 | INFO  | SocketReader | bitswarm.sessions.DefaultSessionManager |     | Session created: { Id: 3, Type: DEFAULT, Logged: No, IP: 0 } on Server port: 9933 <---> 0
31 Jan 2016 | 13:00:12,488 | INFO  | SocketReader | bitswarm.sessions.DefaultSessionManager |     | Session removed: { Id: 1, Type: DEFAULT, Logged: No, IP: 0 }
31 Jan 2016 | 13:00:42,396 | INFO  | main | smartfoxserver.v2.SmartFoxServer |     | Boot sequence starts...
31 Jan 2016 | 13:00:42,412 | INFO  | main | smartfoxserver.v2.SmartFoxServer |     | 
 _____ _____ _____    ___ __ __    _____ _____ _____ _____ 
|   __|   __|   __|  |_  |  |  |  | __  |     |     |_   _|
|__   |   __|__   |  |  _|-   -|  | __ -|  |  |  |  | | |  
|_____|__|  |_____|  |___|__|__|  |_____|_____|_____| |_|

31 Jan 2016 | 13:00:43,301 | INFO  | main | v2.core.SFSEventManager |     | AnonymousService-1 initalized
31 Jan 2016 | 13:00:43,348 | INFO  | main | vfs.impl.DefaultFileReplicator |     | Using "C:\Users\Thomas\AppData\Local\Temp\vfs_cache" as temporary files store.
31 Jan 2016 | 13:00:43,504 | INFO  | main | smartfoxserver.v2.SmartFoxServer |     | License loaded:

===================================
LICENSE DETAILS
-----------------------------------
Type            : Community Edition
Max users       : 100
===================================

31 Jan 2016 | 13:00:43,504 | INFO  | main | entities.managers.SFSBannedUserStorage |     | BanUserStorage initialized
31 Jan 2016 | 13:00:43,520 | INFO  | main | entities.managers.SFSBannedUserManager |     | BanUser data loaded: 0 records.
31 Jan 2016 | 13:00:43,535 | INFO  | main | smartfoxserver.v2.SmartFoxServer |     | Protocol Type is: BINARY
31 Jan 2016 | 13:00:43,535 | INFO  | main | v2.config.DefaultConfigLoader |     | Loading: zones\EduGame.zone.xml
31 Jan 2016 | 13:00:43,598 | INFO  | main | v2.config.DefaultConfigLoader |     | Loading: zones\Registration.zone.xml
31 Jan 2016 | 13:00:43,613 | INFO  | main | entities.managers.SFSZoneManager |     | 

::::::::::::::::::::::::::::::::::::::::::::::::::::::::::::::::::::::::::::::
 >> Zone: EduGame 
::::::::::::::::::::::::::::::::::::::::::::::::::::::::::::::::::::::::::::::

31 Jan 2016 | 13:00:44,034 | INFO  | main | entities.managers.SFSRoomManager |     | Room created: { Zone: EduGame }, [ Room: Lobby, Id: 0, Group: default, isGame: false ]
31 Jan 2016 | 13:00:44,066 | INFO  | main | entities.managers.SFSZoneManager |     | 

::::::::::::::::::::::::::::::::::::::::::::::::::::::::::::::::::::::::::::::
 >> Zone: Registration 
::::::::::::::::::::::::::::::::::::::::::::::::::::::::::::::::::::::::::::::

31 Jan 2016 | 13:00:44,097 | INFO  | main | entities.managers.SFSRoomManager |     | Room created: { Zone: --=={{{ AdminZone }}}==-- }, [ Room: AdminRoom, Id: 1, Group: default, isGame: false ]
31 Jan 2016 | 13:00:44,112 | INFO  | main | v2.core.AdminToolService |     | AdminTool Service started
31 Jan 2016 | 13:00:44,372 | INFO  | SFSWorker:Sys:1 | smartfoxserver.v2.SmartFoxServer |     | Listening Sockets: { 0.0.0.0:9933, (Tcp) } { 127.0.0.1:9933, (Udp) } { 127.0.0.1:8888 (WebSocket) }
31 Jan 2016 | 13:00:44,372 | INFO  | SFSWorker:Sys:1 | smartfoxserver.v2.SmartFoxServer |     |  
 _____ _____ _____    ___ __ __ 
|   __|   __|   __|  |_  |  |  |
|__   |   __|__   |  |  _|-   -|
|_____|__|  |_____|  |___|__|__|                                         
 _____ _____ _____ ____  __ __ 
| __  |   __|  _  |    \|  |  |
|    -|   __|     |  |  |_   _|
|__|__|_____|__|__|____/  |_|  
[ 2.9.0 ] 

31 Jan 2016 | 13:00:44,372 | INFO  | SFSWorker:Sys:1 | smartfoxserver.v2.SmartFoxServer |     | SmartFoxServer 2X (2.9.0) READY!
